2021-05-24 11:28:19.245 UTC INFO [admin1] Initializing PRIMARY Admin for store: kvstore
2021-05-24 11:28:19.250 UTC INFO [admin1] Created new admin environment dir: .\kvroot\kvstore\sn1\admin1\env
2021-05-24 11:28:19.255 UTC INFO [admin1] JVM Runtime maxMemory (bytes): 257425408
2021-05-24 11:28:19.255 UTC INFO [admin1] Non-default JE properties for environment: {je.env.runVerifier=false, je.log.faultReadSize=4096, je.env.runEvictor=true, je.cleaner.minUtilization=40, je.maxDisk=3221225472, je.lock.nLockTables=97, je.cleaner.threads=2, je.log.writeQueueSize=2097152, je.evictor.criticalPercentage=20, je.log.iteratorReadSize=1048576, je.log.numBuffers=16, je.nodeMaxEntries=128, je.lock.timeout=10 s, je.cleaner.minFileUtilization=5, je.txn.durability=write_no_sync,write_no_sync,simple_majority, je.cleaner.readSize=1048576, je.log.fileCacheSize=2000, je.log.fileMax=52428800}
2021-05-24 11:28:19.266 UTC INFO [admin1] DataChannelFactory: basic
2021-05-24 11:28:19.269 UTC INFO [admin1] AdminStateTracker-serviceId-admin1 thread start: admin1
2021-05-24 11:28:19.322 UTC INFO [admin1] JE: Coordinating tasks:JEBackupManagerCopyLogFileMax real permits:1
2021-05-24 11:28:19.670 UTC INFO [admin1] JE recovery: POPULATE_UTILIZATION_PROFILE
2021-05-24 11:28:19.697 UTC INFO [admin1] JE recovery: POPULATE_EXPIRATION_PROFILE
2021-05-24 11:28:19.700 UTC INFO [admin1] JE recovery: REMOVE_TEMP_DBS
2021-05-24 11:28:19.711 UTC INFO [admin1] JE recovery: CKPT
2021-05-24 11:28:19.712 UTC INFO [admin1] JE: Checkpoint Start.Checkpoint Id=1
2021-05-24 11:28:19.733 UTC INFO [admin1] JE: Checkpoint End. Checkpoint Id=1 success=true
2021-05-24 11:28:19.746 UTC INFO [admin1] JE recovery: RECOVERY_FINISHED
2021-05-24 11:28:19.775 UTC INFO [admin1] JE: No server auth method
2021-05-24 11:28:19.776 UTC INFO [admin1] JE: Started ServiceDispatcher. HostPort=DESKTOP-P7OHHRP:5002
2021-05-24 11:28:19.776 UTC INFO [admin1] JE: DataChannel factory: com.sleepycat.je.rep.utilint.net.SimpleChannelFactory
2021-05-24 11:28:19.813 UTC INFO [admin1] JE: DTVLSN at start:0
2021-05-24 11:28:19.814 UTC INFO [admin1] JE: node:NullNode(-1) state change from DETACHED to UNKNOWN
2021-05-24 11:28:19.831 UTC INFO [admin1] JE: Learner started
2021-05-24 11:28:19.835 UTC INFO [admin1] JE: Acceptor started
2021-05-24 11:28:19.836 UTC INFO [admin1] JE: Current group size: 0
2021-05-24 11:28:19.836 UTC INFO [admin1] JE: New node 1(-1) unknown to rep group
2021-05-24 11:28:19.837 UTC INFO [admin1] JE: Learner notified. Proposal:Proposal(000001799e22037c:522efc2e84183f1d50fb75e277f5e514:00000001) Value: Value:DESKTOP-P7OHHRP$$$5002$$$1$$$1
2021-05-24 11:28:19.837 UTC INFO [admin1] JE: Master changed to 1
2021-05-24 11:28:19.837 UTC INFO [admin1] JE: Nascent group. 1 is master by virtue of being the first node.
2021-05-24 11:28:19.838 UTC INFO [admin1] JE: node:1(1) state change from UNKNOWN to MASTER
2021-05-24 11:28:19.860 UTC INFO [admin1] JE: Successfully added node:1(1) HostPort = DESKTOP-P7OHHRP: 5002 [ELECTABLE]
2021-05-24 11:28:19.861 UTC INFO [admin1] JE recovery: BECOME_CONSISTENT
2021-05-24 11:28:19.862 UTC INFO [admin1] JE: Node 1 started
2021-05-24 11:28:19.862 UTC INFO [admin1] JE: node:NullNode(-1) state change from MASTER to UNKNOWN
2021-05-24 11:28:19.881 UTC INFO [admin1] JE: node:1(1) state change from UNKNOWN to MASTER
2021-05-24 11:28:19.881 UTC INFO [admin1] JE: Feeder manager accepting requests.
2021-05-24 11:28:19.882 UTC INFO [admin1] JE: Joining group as master
2021-05-24 11:28:19.885 UTC INFO [admin1] State change event: Mon May 24 13:28:19 CEST 2021, State: MASTER, Type: PRIMARY, Master: 1
2021-05-24 11:28:19.885 UTC INFO [admin1] AdminStateTracker-serviceId-admin1 queue added:MASTER
2021-05-24 11:28:19.886 UTC INFO [admin1] Shutting down monitor collector
2021-05-24 11:28:19.889 UTC INFO [admin1] Initializing Admin Schema to schema version 5/NoSQL DB 20.3.18 2021-05-05 05:19:35 UTC  Build id: 8d8b7830ce8d Edition: Community
2021-05-24 11:28:19.901 UTC INFO [admin1] Initialize stores at schema version 5, readOnly=false
2021-05-24 11:28:19.905 UTC INFO [admin1] Open: AdminCriticalEventsDatabase
2021-05-24 11:28:19.908 UTC INFO [admin1] Open: AdminParametersDatabase
2021-05-24 11:28:19.910 UTC INFO [admin1] Open: AdminMemoDatabase
2021-05-24 11:28:19.913 UTC INFO [admin1] Open: AdminPlanDatabase
2021-05-24 11:28:19.915 UTC INFO [admin1] Open: AdminSecurityDatabase
2021-05-24 11:28:19.917 UTC INFO [admin1] Open: AdminTableDatabase
2021-05-24 11:28:19.919 UTC INFO [admin1] Open: AdminTopologyHistoryDatabase
2021-05-24 11:28:19.921 UTC INFO [admin1] Open: AdminTopologyCandidateDatabase
2021-05-24 11:28:19.925 UTC INFO [admin1] Initializing Admin database
2021-05-24 11:28:19.960 UTC INFO [admin1] Admin database initialized
2021-05-24 11:28:19.963 UTC INFO [admin1] statusListener service port: 54160
2021-05-24 11:28:19.966 UTC INFO [admin1] perfListener service port: 54160
2021-05-24 11:28:19.970 UTC INFO [admin1] logListener service port: 54160
2021-05-24 11:28:19.995 UTC INFO [admin1] Starting Thread[System table monitor,5,RMI Runtime]
2021-05-24 11:28:19.996 UTC INFO [admin1] Checking status of system tables
2021-05-24 11:28:20.000 UTC INFO [admin1] Replicated environment handle established. Cache size: 154455244, State: MASTER
2021-05-24 11:28:20.012 UTC INFO [admin1] Starting task: interval is 20 SECONDS, delay is 19988(ms)
2021-05-24 11:28:20.013 UTC INFO [admin1] Configured Admin for store: kvstore
2021-05-24 11:28:20.015 UTC INFO [admin1] Admin web service is not starting up, web port: -1
2021-05-24 11:28:20.067 UTC INFO [admin1] Plan 1 [Deploy KVLite] approved
2021-05-24 11:28:20.078 UTC INFO [admin1] Plan 1 [Deploy KVLite] started, 1 tasks
2021-05-24 11:28:20.095 UTC INFO [admin1] Plan 1 [Deploy KVLite] task [DeployDatacenter zone=KVLite] [1] started
2021-05-24 11:28:20.106 UTC INFO [admin1] Plan 1 [Deploy KVLite] task [DeployDatacenter zone=KVLite] [1] ended, state=SUCCEEDED
2021-05-24 11:28:20.111 UTC INFO [admin1] Plan 1 [Deploy KVLite] ended, state=SUCCEEDED
2021-05-24 11:28:20.124 UTC INFO [admin1] Plan 2 [SYS$Create system table SYS$StreamRequest] approved
2021-05-24 11:28:20.129 UTC INFO [admin1] Plan 2 [SYS$Create system table SYS$StreamRequest] started, 1 tasks
2021-05-24 11:28:20.131 UTC INFO [admin1] Plan 2 [SYS$Create system table SYS$StreamRequest] task [AddTable SYS$StreamRequest] [1] started
2021-05-24 11:28:20.150 UTC INFO [admin1] Plan 3 [Deploy Storage Node] approved
2021-05-24 11:28:20.169 UTC INFO [admin1] Plan 3 [Deploy Storage Node] started, 1 tasks
2021-05-24 11:28:20.176 UTC INFO [admin1] Plan 3 [Deploy Storage Node] task [DeploySN sn1(DESKTOP-P7OHHRP:5000)] [1] started
2021-05-24 11:28:20.220 UTC INFO [admin1] Plan 4 [SYS$Create system table SYS$TableStatsPartition] approved
2021-05-24 11:28:20.223 UTC INFO [admin1] Plan 2 [SYS$Create system table SYS$StreamRequest] task [AddTable SYS$StreamRequest] [1] ended, state=SUCCEEDED
2021-05-24 11:28:20.229 UTC INFO [admin1] Plan 4 [SYS$Create system table SYS$TableStatsPartition] started, 1 tasks
2021-05-24 11:28:20.239 UTC INFO [admin1] Plan 2 [SYS$Create system table SYS$StreamRequest] ended, state=SUCCEEDED
2021-05-24 11:28:20.239 UTC INFO [admin1] Plan 4 [SYS$Create system table SYS$TableStatsPartition] task [AddTable SYS$TableStatsPartition] [1] started
2021-05-24 11:28:20.256 UTC INFO [admin1] Plan 5 [SYS$Create system table SYS$SGAttributesTable] approved
2021-05-24 11:28:20.262 UTC INFO [admin1] Plan 5 [SYS$Create system table SYS$SGAttributesTable] started, 1 tasks
2021-05-24 11:28:20.279 UTC INFO [admin1] Plan 4 [SYS$Create system table SYS$TableStatsPartition] task [AddTable SYS$TableStatsPartition] [1] ended, state=SUCCEEDED
2021-05-24 11:28:20.280 UTC INFO [admin1] Plan 5 [SYS$Create system table SYS$SGAttributesTable] task [AddTable SYS$SGAttributesTable] [1] started
2021-05-24 11:28:20.309 UTC INFO [admin1] Plan 4 [SYS$Create system table SYS$TableStatsPartition] ended, state=SUCCEEDED
2021-05-24 11:28:20.322 UTC INFO [admin1] Plan 5 [SYS$Create system table SYS$SGAttributesTable] task [AddTable SYS$SGAttributesTable] [1] ended, state=SUCCEEDED
2021-05-24 11:28:20.331 UTC INFO [admin1] Plan 5 [SYS$Create system table SYS$SGAttributesTable] ended, state=SUCCEEDED
2021-05-24 11:28:20.332 UTC INFO [admin1] Plan 6 [SYS$Create system table SYS$IndexStatsLease] approved
2021-05-24 11:28:20.332 UTC INFO [admin1] Plan 6 [SYS$Create system table SYS$IndexStatsLease] started, 1 tasks
2021-05-24 11:28:20.373 UTC INFO [admin1] Plan 6 [SYS$Create system table SYS$IndexStatsLease] task [AddTable SYS$IndexStatsLease] [1] started
2021-05-24 11:28:20.401 UTC INFO [admin1] Plan 7 [SYS$Create system table SYS$MRTableInitCheckpoint] approved
2021-05-24 11:28:20.402 UTC INFO [admin1] Plan 7 [SYS$Create system table SYS$MRTableInitCheckpoint] started, 1 tasks
2021-05-24 11:28:20.402 UTC INFO [admin1] Plan 6 [SYS$Create system table SYS$IndexStatsLease] task [AddTable SYS$IndexStatsLease] [1] ended, state=SUCCEEDED
2021-05-24 11:28:20.407 UTC INFO [admin1] Plan 7 [SYS$Create system table SYS$MRTableInitCheckpoint] task [AddTable SYS$MRTableInitCheckpoint] [1] started
2021-05-24 11:28:20.408 UTC INFO [admin1] Plan 6 [SYS$Create system table SYS$IndexStatsLease] ended, state=SUCCEEDED
2021-05-24 11:28:20.775 UTC INFO [admin1] Plan 8 [SYS$Create system table SYS$MRTableAgentStat] approved
2021-05-24 11:28:20.776 UTC INFO [admin1] Plan 8 [SYS$Create system table SYS$MRTableAgentStat] started, 1 tasks
2021-05-24 11:28:20.777 UTC INFO [admin1] Plan 7 [SYS$Create system table SYS$MRTableInitCheckpoint] task [AddTable SYS$MRTableInitCheckpoint] [1] ended, state=SUCCEEDED
2021-05-24 11:28:20.779 UTC INFO [admin1] Plan 8 [SYS$Create system table SYS$MRTableAgentStat] task [AddTable SYS$MRTableAgentStat] [1] started
2021-05-24 11:28:20.817 UTC INFO [admin1] Plan 7 [SYS$Create system table SYS$MRTableInitCheckpoint] ended, state=SUCCEEDED
2021-05-24 11:28:20.878 UTC INFO [admin1] Plan 9 [SYS$Create system table SYS$StreamResponse] approved
2021-05-24 11:28:20.881 UTC INFO [admin1] Plan 9 [SYS$Create system table SYS$StreamResponse] started, 1 tasks
2021-05-24 11:28:20.882 UTC INFO [admin1] Plan 8 [SYS$Create system table SYS$MRTableAgentStat] task [AddTable SYS$MRTableAgentStat] [1] ended, state=SUCCEEDED
2021-05-24 11:28:20.884 UTC INFO [admin1] Plan 9 [SYS$Create system table SYS$StreamResponse] task [AddTable SYS$StreamResponse] [1] started
2021-05-24 11:28:20.898 UTC INFO [admin1] Plan 8 [SYS$Create system table SYS$MRTableAgentStat] ended, state=SUCCEEDED
2021-05-24 11:28:20.911 UTC INFO [admin1] Plan 10 [SYS$Create system table SYS$PartitionStatsLease] approved
2021-05-24 11:28:20.912 UTC INFO [admin1] Plan 10 [SYS$Create system table SYS$PartitionStatsLease] started, 1 tasks
2021-05-24 11:28:20.920 UTC INFO [admin1] Plan 10 [SYS$Create system table SYS$PartitionStatsLease] task [AddTable SYS$PartitionStatsLease] [1] started
2021-05-24 11:28:20.920 UTC INFO [admin1] Plan 9 [SYS$Create system table SYS$StreamResponse] task [AddTable SYS$StreamResponse] [1] ended, state=SUCCEEDED
2021-05-24 11:28:20.948 UTC INFO [admin1] Plan 9 [SYS$Create system table SYS$StreamResponse] ended, state=SUCCEEDED
2021-05-24 11:28:20.968 UTC INFO [admin1] Plan 11 [SYS$Create system table SYS$TableStatsIndex] approved
2021-05-24 11:28:20.970 UTC INFO [admin1] Plan 11 [SYS$Create system table SYS$TableStatsIndex] started, 1 tasks
2021-05-24 11:28:20.971 UTC INFO [admin1] Plan 10 [SYS$Create system table SYS$PartitionStatsLease] task [AddTable SYS$PartitionStatsLease] [1] ended, state=SUCCEEDED
2021-05-24 11:28:20.973 UTC INFO [admin1] Plan 11 [SYS$Create system table SYS$TableStatsIndex] task [AddTable SYS$TableStatsIndex] [1] started
2021-05-24 11:28:20.990 UTC INFO [admin1] Plan 10 [SYS$Create system table SYS$PartitionStatsLease] ended, state=SUCCEEDED
2021-05-24 11:28:21.051 UTC INFO [admin1] Plan 11 [SYS$Create system table SYS$TableStatsIndex] task [AddTable SYS$TableStatsIndex] [1] ended, state=SUCCEEDED
2021-05-24 11:28:21.055 UTC INFO [admin1] Plan 11 [SYS$Create system table SYS$TableStatsIndex] ended, state=SUCCEEDED
2021-05-24 11:28:21.717 UTC INFO [admin1] Monitor collector: adding sn1 to monitoring
2021-05-24 11:28:21.781 UTC INFO [admin1] [sn1] Service status: RUNNING 2021-05-24 11:28:21 UTC
2021-05-24 11:28:21.812 UTC INFO [admin1] Plan 3 [Deploy Storage Node] task [DeploySN sn1(DESKTOP-P7OHHRP:5000)] [1] ended, state=SUCCEEDED
2021-05-24 11:28:21.818 UTC INFO [admin1] Plan 3 [Deploy Storage Node] ended, state=SUCCEEDED
2021-05-24 11:28:21.858 UTC INFO [admin1] Plan 12 [Deploy Admin Service] approved
2021-05-24 11:28:21.871 UTC INFO [admin1] Plan 12 [Deploy Admin Service] started, 3 tasks
2021-05-24 11:28:21.928 UTC INFO [admin1] Plan 12 [Deploy Admin Service] task [DeployAdmin admin1 on sn1] [1] started
2021-05-24 11:28:22.544 UTC INFO [admin1] newParameters called for Monitor
2021-05-24 11:28:22.552 UTC INFO [admin1] newGlobalParameters are identical to old global parameters
2021-05-24 11:28:22.568 UTC INFO [admin1] Plan 12 [Deploy Admin Service] task [DeployAdmin admin1 on sn1] [1] ended, state=SUCCEEDED
2021-05-24 11:28:22.569 UTC INFO [admin1] Plan 12 [Deploy Admin Service] task [WaitForAdminState admin1 to reach RUNNING] [2] started
2021-05-24 11:28:22.583 UTC INFO [admin1] Plan 12 [Deploy Admin Service] task [WaitForAdminState admin1 to reach RUNNING] [2] ended, state=SUCCEEDED
2021-05-24 11:28:22.585 UTC INFO [admin1] Plan 12 [Deploy Admin Service] task [UpdateAdminHelperHost null] [3] started
2021-05-24 11:28:22.590 UTC INFO [admin1] oracle.kv.impl.admin.param.Parameters@ebefdd7 changed helperHost to DESKTOP-P7OHHRP:5002
2021-05-24 11:28:22.821 UTC INFO [admin1] Plan 12 [Deploy Admin Service] task [UpdateAdminHelperHost null] [3] ended, state=SUCCEEDED
2021-05-24 11:28:22.823 UTC INFO [admin1] Plan 12 [Deploy Admin Service] ended, state=SUCCEEDED
2021-05-24 11:28:22.828 UTC INFO [admin1] Created Storage Node Pool: KVLitePool
2021-05-24 11:28:22.832 UTC INFO [admin1] Added Storage Node sn1 to pool: KVLitePool
2021-05-24 11:28:22.862 UTC INFO [admin1] KVLite has nothing to rebalance
2021-05-24 11:28:22.957 UTC INFO [admin1] Plan 13 [Deploy KVStore] approved
2021-05-24 11:28:22.961 UTC INFO [admin1] Plan 13 [Deploy KVStore] deploying topology candidate KVLite.
2021-05-24 11:28:22.966 UTC INFO [admin1] Current topology: store=kvstore  numPartitions=0 sequence=2
  zn: id=zn1 name=KVLite repFactor=1 type=PRIMARY allowArbiters=false masterAffinity=false

  sn=[sn1] zn:[id=zn1 name=KVLite] DESKTOP-P7OHHRP:5000

  numShards=0

2021-05-24 11:28:22.966 UTC INFO [admin1] Preview of changes to be executed by Plan 13 [Deploy KVStore]:
Topology transformation from current deployed topology to KVLite:
Create 1 shard 
Create 1 RN 
Create 10 partitions 

shard rg1
  1 new RN : rg1-rn1 
  10 new partitions 

2021-05-24 11:28:22.967 UTC INFO [admin1] Target topology candidate: KVLite
store=kvstore  numPartitions=10 sequence=14
  zn: id=zn1 name=KVLite repFactor=1 type=PRIMARY allowArbiters=false masterAffinity=false

  sn=[sn1] zn:[id=zn1 name=KVLite] DESKTOP-P7OHHRP:5000
    [rg1-rn1]

  numShards=1
  shard=[rg1] num partitions=10
    [rg1-rn1] sn=sn1

2021-05-24 11:28:22.970 UTC INFO [admin1] Plan 13 [Deploy KVStore] started, 9 tasks
2021-05-24 11:28:22.973 UTC INFO [admin1] Plan 13 [Deploy KVStore] task [UpdateDatacenterV2 zone=zn1] [1] started
2021-05-24 11:28:22.991 UTC INFO [admin1] Plan 13 [Deploy KVStore] task [UpdateDatacenterV2 zone=zn1] [1] ended, state=SUCCEEDED
2021-05-24 11:28:22.991 UTC INFO [admin1] Plan 13 [Deploy KVStore] task [DeployShard on [sn1] zn:[id=zn1 name=KVLite] DESKTOP-P7OHHRP:5000 ] [2] started
2021-05-24 11:28:23.004 UTC INFO [admin1] Plan 13 [Deploy KVStore] task [DeployShard rg1 on [sn1] zn:[id=zn1 name=KVLite] DESKTOP-P7OHHRP:5000 ] [2] ended, state=SUCCEEDED
2021-05-24 11:28:23.005 UTC INFO [admin1] Plan 13 [Deploy KVStore] task [DeployNewRN on sn1(DESKTOP-P7OHHRP:5000)] [3] started
2021-05-24 11:28:23.011 UTC INFO [admin1] Plan 13 [Deploy KVStore] task [DeployNewRN rg1-rn1 on sn1(DESKTOP-P7OHHRP:5000)] creating rg1-rn1 on sn1 haPort=DESKTOP-P7OHHRP:5 003 helpers=DESKTOP-P7OHHRP:5003 storage directory path=C:\Users\Karol Skorek\Desktop\studia\psr\cz2\lab1\psr.pracadomowa1\.\kvroot\kvstore\sn1 directory size=1 073 741 824 log directory path =null log directory size = 0 heapMB=unspecified cachePercent=70 cacheSize=unspecified -XX:ParallelGCThreads=70
2021-05-24 11:28:24.451 UTC INFO [admin1] Monitor collector: adding rg1-rn1 to monitoring
2021-05-24 11:28:24.480 UTC INFO [admin1] [rg1-rn1] Service status: RUNNING 2021-05-24 11:28:23 UTC
2021-05-24 11:28:24.537 UTC INFO [admin1] Plan 13 [Deploy KVStore] task [DeployNewRN rg1-rn1 on sn1(DESKTOP-P7OHHRP:5000)] [3] ended, state=SUCCEEDED
2021-05-24 11:28:24.539 UTC INFO [admin1] Plan 13 [Deploy KVStore] task [UpdateNthRNHelperHost] [4] started
2021-05-24 11:28:24.549 UTC INFO [admin1] Changing helperHost for rg1-rn1 in metadata database  to DESKTOP-P7OHHRP:5003
2021-05-24 11:28:24.827 UTC INFO [admin1] Changed helperHost for rg1-rn1 on sn1 to DESKTOP-P7OHHRP:5003
2021-05-24 11:28:24.840 UTC INFO [admin1] Plan 13 [Deploy KVStore] task [UpdateNthRNHelperHost] [4] ended, state=SUCCEEDED
2021-05-24 11:28:24.840 UTC INFO [admin1] Plan 13 [Deploy KVStore] task [NewNthRNParameters] [5] started
2021-05-24 11:28:24.933 UTC INFO [admin1] Plan 13 [Deploy KVStore] task [NewNthRNParameters] [5] ended, state=SUCCEEDED
2021-05-24 11:28:24.935 UTC INFO [admin1] Plan 13 [Deploy KVStore] task [BroadcastTopo] [6] started
2021-05-24 11:28:24.936 UTC INFO [admin1] Broadcasting topology seq# 4, changes for plan 13
2021-05-24 11:28:24.945 UTC INFO [admin1] Plan 13 [Deploy KVStore] task [BroadcastTopo] [6] ended, state=SUCCEEDED
2021-05-24 11:28:24.946 UTC INFO [admin1] Plan 13 [Deploy KVStore] task [BroadcastMetadata] [7] started
2021-05-24 11:28:24.951 UTC INFO [admin1] Plan 13 [Deploy KVStore] task [BroadcastMetadata] [7] ended, state=SUCCEEDED
2021-05-24 11:28:24.952 UTC INFO [admin1] Plan 13 [Deploy KVStore] task [AddPartitions totalPartitions=10] [8] started
2021-05-24 11:28:24.964 UTC INFO [admin1] Broadcasting topology seq# 14, changes for Initializing new partitions
2021-05-24 11:28:25.010 UTC INFO [admin1] Plan 13 [Deploy KVStore] task [AddPartitions totalPartitions=10] [8] ended, state=SUCCEEDED
2021-05-24 11:28:25.011 UTC INFO [admin1] Plan 13 [Deploy KVStore] task [BroadcastTopo] [9] started
2021-05-24 11:28:25.013 UTC INFO [admin1] Broadcasting topology seq# 14, changes for plan 13
2021-05-24 11:28:25.062 UTC INFO [admin1] Plan 13 [Deploy KVStore] task [BroadcastTopo] [9] ended, state=SUCCEEDED
2021-05-24 11:28:25.067 UTC INFO [admin1] Plan 13 [Deploy KVStore] ended, state=SUCCEEDED
2021-05-24 11:28:30.970 UTC INFO [admin1] Checking status of system tables
2021-05-24 11:28:30.984 UTC INFO [admin1] Exit Thread[System table monitor,5,RMI Runtime]
2021-05-24 11:29:21.010 UTC INFO [admin1] SoftwareVersionUpdater: resetting interval to: 3600000 milliseconds (1 agents)
