2021-05-24 11:28:19.245 UTC INFO - [admin1] Initializing PRIMARY Admin for store: kvstore
2021-05-24 11:28:19.250 UTC INFO - [admin1] Created new admin environment dir: .\kvroot\kvstore\sn1\admin1\env
2021-05-24 11:28:19.255 UTC INFO - [admin1] JVM Runtime maxMemory (bytes): 257425408
2021-05-24 11:28:19.255 UTC INFO - [admin1] Non-default JE properties for environment: {je.env.runVerifier=false, je.log.faultReadSize=4096, je.env.runEvictor=true, je.cleaner.minUtilization=40, je.maxDisk=3221225472, je.lock.nLockTables=97, je.cleaner.threads=2, je.log.writeQueueSize=2097152, je.evictor.criticalPercentage=20, je.log.iteratorReadSize=1048576, je.log.numBuffers=16, je.nodeMaxEntries=128, je.lock.timeout=10 s, je.cleaner.minFileUtilization=5, je.txn.durability=write_no_sync,write_no_sync,simple_majority, je.cleaner.readSize=1048576, je.log.fileCacheSize=2000, je.log.fileMax=52428800}
2021-05-24 11:28:19.266 UTC INFO - [admin1] DataChannelFactory: basic
2021-05-24 11:28:19.269 UTC INFO - [admin1] AdminStateTracker-serviceId-admin1 thread start: admin1
2021-05-24 11:28:19.322 UTC INFO - [admin1] JE: Coordinating tasks:JEBackupManagerCopyLogFileMax real permits:1
2021-05-24 11:28:19.670 UTC INFO - [admin1] JE recovery: POPULATE_UTILIZATION_PROFILE
2021-05-24 11:28:19.697 UTC INFO - [admin1] JE recovery: POPULATE_EXPIRATION_PROFILE
2021-05-24 11:28:19.700 UTC INFO - [admin1] JE recovery: REMOVE_TEMP_DBS
2021-05-24 11:28:19.711 UTC INFO - [admin1] JE recovery: CKPT
2021-05-24 11:28:19.712 UTC INFO - [admin1] JE: Checkpoint Start.Checkpoint Id=1
2021-05-24 11:28:19.733 UTC INFO - [admin1] JE: Checkpoint End. Checkpoint Id=1 success=true
2021-05-24 11:28:19.746 UTC INFO - [admin1] JE recovery: RECOVERY_FINISHED
2021-05-24 11:28:19.775 UTC INFO - [admin1] JE: No server auth method
2021-05-24 11:28:19.776 UTC INFO - [admin1] JE: Started ServiceDispatcher. HostPort=DESKTOP-P7OHHRP:5002
2021-05-24 11:28:19.776 UTC INFO - [admin1] JE: DataChannel factory: com.sleepycat.je.rep.utilint.net.SimpleChannelFactory
2021-05-24 11:28:19.813 UTC INFO - [admin1] JE: DTVLSN at start:0
2021-05-24 11:28:19.814 UTC INFO - [admin1] JE: node:NullNode(-1) state change from DETACHED to UNKNOWN
2021-05-24 11:28:19.831 UTC INFO - [admin1] JE: Learner started
2021-05-24 11:28:19.835 UTC INFO - [admin1] JE: Acceptor started
2021-05-24 11:28:19.836 UTC INFO - [admin1] JE: Current group size: 0
2021-05-24 11:28:19.836 UTC INFO - [admin1] JE: New node 1(-1) unknown to rep group
2021-05-24 11:28:19.837 UTC INFO - [admin1] JE: Learner notified. Proposal:Proposal(000001799e22037c:522efc2e84183f1d50fb75e277f5e514:00000001) Value: Value:DESKTOP-P7OHHRP$$$5002$$$1$$$1
2021-05-24 11:28:19.837 UTC INFO - [admin1] JE: Master changed to 1
2021-05-24 11:28:19.837 UTC INFO - [admin1] JE: Nascent group. 1 is master by virtue of being the first node.
2021-05-24 11:28:19.838 UTC INFO - [admin1] JE: node:1(1) state change from UNKNOWN to MASTER
2021-05-24 11:28:19.860 UTC INFO - [admin1] JE: Successfully added node:1(1) HostPort = DESKTOP-P7OHHRP: 5002 [ELECTABLE]
2021-05-24 11:28:19.861 UTC INFO - [admin1] JE recovery: BECOME_CONSISTENT
2021-05-24 11:28:19.862 UTC INFO - [admin1] JE: Node 1 started
2021-05-24 11:28:19.862 UTC INFO - [admin1] JE: node:NullNode(-1) state change from MASTER to UNKNOWN
2021-05-24 11:28:19.881 UTC INFO - [admin1] JE: node:1(1) state change from UNKNOWN to MASTER
2021-05-24 11:28:19.881 UTC INFO - [admin1] JE: Feeder manager accepting requests.
2021-05-24 11:28:19.882 UTC INFO - [admin1] JE: Joining group as master
2021-05-24 11:28:19.885 UTC INFO - [admin1] State change event: Mon May 24 13:28:19 CEST 2021, State: MASTER, Type: PRIMARY, Master: 1
2021-05-24 11:28:19.885 UTC INFO - [admin1] AdminStateTracker-serviceId-admin1 queue added:MASTER
2021-05-24 11:28:19.886 UTC FINE - Closing StorewideLoggingView
2021-05-24 11:28:19.925 UTC INFO - [admin1] Initializing Admin database
2021-05-24 11:28:19.960 UTC INFO - [admin1] Admin database initialized
2021-05-24 11:28:19.963 UTC INFO - [admin1] statusListener service port: 54160
2021-05-24 11:28:19.966 UTC INFO - [admin1] perfListener service port: 54160
2021-05-24 11:28:19.970 UTC INFO - [admin1] logListener service port: 54160
2021-05-24 11:28:19.995 UTC INFO - [admin1] Starting Thread[System table monitor,5,RMI Runtime]
2021-05-24 11:28:19.996 UTC INFO - [admin1] Checking status of system tables
2021-05-24 11:28:20.000 UTC INFO - [admin1] Replicated environment handle established. Cache size: 154455244, State: MASTER
2021-05-24 11:28:20.012 UTC INFO - [admin1] Starting task: interval is 20 SECONDS, delay is 19988(ms)
2021-05-24 11:28:20.013 UTC INFO - [admin1] Configured Admin for store: kvstore
2021-05-24 11:28:20.015 UTC INFO - [admin1] Admin web service is not starting up, web port: -1
2021-05-24 11:28:20.064 UTC INFO - [admin1] PlanStateChange [id=1 name=Deploy KVLite state=APPROVED at 2021-05-24 11:28:20 UTC numAttempts=0 : approval requested]
2021-05-24 11:28:20.067 UTC INFO - [admin1] Plan 1 [Deploy KVLite] approved
2021-05-24 11:28:20.078 UTC INFO - [admin1] PlanStateChange [id=1 name=Deploy KVLite state=RUNNING at 2021-05-24 11:28:20 UTC numAttempts=1 : Plan is starting]
2021-05-24 11:28:20.078 UTC INFO - [admin1] Plan 1 [Deploy KVLite] started, 1 tasks
2021-05-24 11:28:20.095 UTC INFO - [admin1] Plan 1 [Deploy KVLite] task [DeployDatacenter zone=KVLite] [1] started
2021-05-24 11:28:20.104 UTC INFO - [admin1] PlanProgress [id=1 name=Deploy KVLite state=RUNNING reportTime=2021-05-24 11:28:20 UTC numAttempts=1 generalTask_Total=1 generalTask_Successful=1]
2021-05-24 11:28:20.106 UTC INFO - [admin1] Plan 1 [Deploy KVLite] task [DeployDatacenter zone=KVLite] [1] ended, state=SUCCEEDED
2021-05-24 11:28:20.108 UTC INFO - [admin1] PlanStateChange [id=1 name=Deploy KVLite state=SUCCEEDED at 2021-05-24 11:28:20 UTC numAttempts=1 : Plan finished.]
2021-05-24 11:28:20.111 UTC INFO - [admin1] Plan 1 [Deploy KVLite] ended, state=SUCCEEDED
2021-05-24 11:28:20.121 UTC INFO - [admin1] PlanStateChange [id=2 name=SYS$Create system table SYS$StreamRequest state=APPROVED at 2021-05-24 11:28:20 UTC numAttempts=0 : approval requested]
2021-05-24 11:28:20.124 UTC INFO - [admin1] Plan 2 [SYS$Create system table SYS$StreamRequest] approved
2021-05-24 11:28:20.128 UTC INFO - [admin1] PlanStateChange [id=2 name=SYS$Create system table SYS$StreamRequest state=RUNNING at 2021-05-24 11:28:20 UTC numAttempts=1 : Plan is starting]
2021-05-24 11:28:20.129 UTC INFO - [admin1] Plan 2 [SYS$Create system table SYS$StreamRequest] started, 1 tasks
2021-05-24 11:28:20.131 UTC INFO - [admin1] Plan 2 [SYS$Create system table SYS$StreamRequest] task [AddTable SYS$StreamRequest] [1] started
2021-05-24 11:28:20.146 UTC INFO - [admin1] PlanStateChange [id=3 name=Deploy Storage Node state=APPROVED at 2021-05-24 11:28:20 UTC numAttempts=0 : approval requested]
2021-05-24 11:28:20.150 UTC INFO - [admin1] Plan 3 [Deploy Storage Node] approved
2021-05-24 11:28:20.169 UTC INFO - [admin1] PlanStateChange [id=3 name=Deploy Storage Node state=RUNNING at 2021-05-24 11:28:20 UTC numAttempts=1 : Plan is starting]
2021-05-24 11:28:20.169 UTC INFO - [admin1] Plan 3 [Deploy Storage Node] started, 1 tasks
2021-05-24 11:28:20.176 UTC INFO - [admin1] Plan 3 [Deploy Storage Node] task [DeploySN sn1(DESKTOP-P7OHHRP:5000)] [1] started
2021-05-24 11:28:20.203 UTC INFO - [admin1] PlanProgress [id=2 name=SYS$Create system table SYS$StreamRequest state=RUNNING reportTime=2021-05-24 11:28:20 UTC numAttempts=1 generalTask_Total=1 generalTask_Successful=1]
2021-05-24 11:28:20.204 UTC INFO - [admin1] PlanStateChange [id=4 name=SYS$Create system table SYS$TableStatsPartition state=APPROVED at 2021-05-24 11:28:20 UTC numAttempts=0 : approval requested]
2021-05-24 11:28:20.220 UTC INFO - [admin1] Plan 4 [SYS$Create system table SYS$TableStatsPartition] approved
2021-05-24 11:28:20.223 UTC INFO - [admin1] Plan 2 [SYS$Create system table SYS$StreamRequest] task [AddTable SYS$StreamRequest] [1] ended, state=SUCCEEDED
2021-05-24 11:28:20.224 UTC INFO - [admin1] PlanStateChange [id=2 name=SYS$Create system table SYS$StreamRequest state=SUCCEEDED at 2021-05-24 11:28:20 UTC numAttempts=1 : Plan finished.]
2021-05-24 11:28:20.229 UTC INFO - [admin1] PlanStateChange [id=4 name=SYS$Create system table SYS$TableStatsPartition state=RUNNING at 2021-05-24 11:28:20 UTC numAttempts=1 : Plan is starting]
2021-05-24 11:28:20.229 UTC INFO - [admin1] Plan 4 [SYS$Create system table SYS$TableStatsPartition] started, 1 tasks
2021-05-24 11:28:20.239 UTC INFO - [admin1] Plan 2 [SYS$Create system table SYS$StreamRequest] ended, state=SUCCEEDED
2021-05-24 11:28:20.239 UTC INFO - [admin1] Plan 4 [SYS$Create system table SYS$TableStatsPartition] task [AddTable SYS$TableStatsPartition] [1] started
2021-05-24 11:28:20.250 UTC INFO - [admin1] PlanStateChange [id=5 name=SYS$Create system table SYS$SGAttributesTable state=APPROVED at 2021-05-24 11:28:20 UTC numAttempts=0 : approval requested]
2021-05-24 11:28:20.256 UTC INFO - [admin1] Plan 5 [SYS$Create system table SYS$SGAttributesTable] approved
2021-05-24 11:28:20.262 UTC INFO - [admin1] PlanStateChange [id=5 name=SYS$Create system table SYS$SGAttributesTable state=RUNNING at 2021-05-24 11:28:20 UTC numAttempts=1 : Plan is starting]
2021-05-24 11:28:20.262 UTC INFO - [admin1] PlanProgress [id=4 name=SYS$Create system table SYS$TableStatsPartition state=RUNNING reportTime=2021-05-24 11:28:20 UTC numAttempts=1 generalTask_Total=1 generalTask_Successful=1]
2021-05-24 11:28:20.262 UTC INFO - [admin1] Plan 5 [SYS$Create system table SYS$SGAttributesTable] started, 1 tasks
2021-05-24 11:28:20.279 UTC INFO - [admin1] Plan 4 [SYS$Create system table SYS$TableStatsPartition] task [AddTable SYS$TableStatsPartition] [1] ended, state=SUCCEEDED
2021-05-24 11:28:20.280 UTC INFO - [admin1] Plan 5 [SYS$Create system table SYS$SGAttributesTable] task [AddTable SYS$SGAttributesTable] [1] started
2021-05-24 11:28:20.291 UTC INFO - [admin1] PlanStateChange [id=4 name=SYS$Create system table SYS$TableStatsPartition state=SUCCEEDED at 2021-05-24 11:28:20 UTC numAttempts=1 : Plan finished.]
2021-05-24 11:28:20.308 UTC INFO - [admin1] PlanStateChange [id=6 name=SYS$Create system table SYS$IndexStatsLease state=APPROVED at 2021-05-24 11:28:20 UTC numAttempts=0 : approval requested]
2021-05-24 11:28:20.309 UTC INFO - [admin1] Plan 4 [SYS$Create system table SYS$TableStatsPartition] ended, state=SUCCEEDED
2021-05-24 11:28:20.318 UTC INFO - [admin1] PlanProgress [id=5 name=SYS$Create system table SYS$SGAttributesTable state=RUNNING reportTime=2021-05-24 11:28:20 UTC numAttempts=1 generalTask_Total=1 generalTask_Successful=1]
2021-05-24 11:28:20.322 UTC INFO - [admin1] Plan 5 [SYS$Create system table SYS$SGAttributesTable] task [AddTable SYS$SGAttributesTable] [1] ended, state=SUCCEEDED
2021-05-24 11:28:20.323 UTC INFO - [admin1] PlanStateChange [id=5 name=SYS$Create system table SYS$SGAttributesTable state=SUCCEEDED at 2021-05-24 11:28:20 UTC numAttempts=1 : Plan finished.]
2021-05-24 11:28:20.332 UTC INFO - [admin1] Plan 6 [SYS$Create system table SYS$IndexStatsLease] approved
2021-05-24 11:28:20.332 UTC INFO - [admin1] PlanStateChange [id=6 name=SYS$Create system table SYS$IndexStatsLease state=RUNNING at 2021-05-24 11:28:20 UTC numAttempts=1 : Plan is starting]
2021-05-24 11:28:20.332 UTC INFO - [admin1] Plan 6 [SYS$Create system table SYS$IndexStatsLease] started, 1 tasks
2021-05-24 11:28:20.331 UTC INFO - [admin1] Plan 5 [SYS$Create system table SYS$SGAttributesTable] ended, state=SUCCEEDED
2021-05-24 11:28:20.373 UTC INFO - [admin1] Plan 6 [SYS$Create system table SYS$IndexStatsLease] task [AddTable SYS$IndexStatsLease] [1] started
2021-05-24 11:28:20.398 UTC INFO - [admin1] PlanProgress [id=6 name=SYS$Create system table SYS$IndexStatsLease state=RUNNING reportTime=2021-05-24 11:28:20 UTC numAttempts=1 generalTask_Total=1 generalTask_Successful=1]
2021-05-24 11:28:20.399 UTC INFO - [admin1] PlanStateChange [id=7 name=SYS$Create system table SYS$MRTableInitCheckpoint state=APPROVED at 2021-05-24 11:28:20 UTC numAttempts=0 : approval requested]
2021-05-24 11:28:20.401 UTC INFO - [admin1] Plan 7 [SYS$Create system table SYS$MRTableInitCheckpoint] approved
2021-05-24 11:28:20.402 UTC INFO - [admin1] PlanStateChange [id=7 name=SYS$Create system table SYS$MRTableInitCheckpoint state=RUNNING at 2021-05-24 11:28:20 UTC numAttempts=1 : Plan is starting]
2021-05-24 11:28:20.402 UTC INFO - [admin1] Plan 7 [SYS$Create system table SYS$MRTableInitCheckpoint] started, 1 tasks
2021-05-24 11:28:20.402 UTC INFO - [admin1] Plan 6 [SYS$Create system table SYS$IndexStatsLease] task [AddTable SYS$IndexStatsLease] [1] ended, state=SUCCEEDED
2021-05-24 11:28:20.402 UTC INFO - [admin1] PlanStateChange [id=6 name=SYS$Create system table SYS$IndexStatsLease state=SUCCEEDED at 2021-05-24 11:28:20 UTC numAttempts=1 : Plan finished.]
2021-05-24 11:28:20.407 UTC INFO - [admin1] Plan 7 [SYS$Create system table SYS$MRTableInitCheckpoint] task [AddTable SYS$MRTableInitCheckpoint] [1] started
2021-05-24 11:28:20.408 UTC INFO - [admin1] Plan 6 [SYS$Create system table SYS$IndexStatsLease] ended, state=SUCCEEDED
2021-05-24 11:28:20.642 UTC INFO - [admin1] PlanStateChange [id=8 name=SYS$Create system table SYS$MRTableAgentStat state=APPROVED at 2021-05-24 11:28:20 UTC numAttempts=0 : approval requested]
2021-05-24 11:28:20.726 UTC INFO - [admin1] PlanProgress [id=7 name=SYS$Create system table SYS$MRTableInitCheckpoint state=RUNNING reportTime=2021-05-24 11:28:20 UTC numAttempts=1 generalTask_Total=1 generalTask_Successful=1]
2021-05-24 11:28:20.775 UTC INFO - [admin1] Plan 8 [SYS$Create system table SYS$MRTableAgentStat] approved
2021-05-24 11:28:20.776 UTC INFO - [admin1] PlanStateChange [id=8 name=SYS$Create system table SYS$MRTableAgentStat state=RUNNING at 2021-05-24 11:28:20 UTC numAttempts=1 : Plan is starting]
2021-05-24 11:28:20.776 UTC INFO - [admin1] Plan 8 [SYS$Create system table SYS$MRTableAgentStat] started, 1 tasks
2021-05-24 11:28:20.777 UTC INFO - [admin1] Plan 7 [SYS$Create system table SYS$MRTableInitCheckpoint] task [AddTable SYS$MRTableInitCheckpoint] [1] ended, state=SUCCEEDED
2021-05-24 11:28:20.777 UTC INFO - [admin1] PlanStateChange [id=7 name=SYS$Create system table SYS$MRTableInitCheckpoint state=SUCCEEDED at 2021-05-24 11:28:20 UTC numAttempts=1 : Plan finished.]
2021-05-24 11:28:20.779 UTC INFO - [admin1] Plan 8 [SYS$Create system table SYS$MRTableAgentStat] task [AddTable SYS$MRTableAgentStat] [1] started
2021-05-24 11:28:20.817 UTC INFO - [admin1] Plan 7 [SYS$Create system table SYS$MRTableInitCheckpoint] ended, state=SUCCEEDED
2021-05-24 11:28:20.860 UTC INFO - [admin1] PlanStateChange [id=9 name=SYS$Create system table SYS$StreamResponse state=APPROVED at 2021-05-24 11:28:20 UTC numAttempts=0 : approval requested]
2021-05-24 11:28:20.878 UTC INFO - [admin1] Plan 9 [SYS$Create system table SYS$StreamResponse] approved
2021-05-24 11:28:20.880 UTC INFO - [admin1] PlanProgress [id=8 name=SYS$Create system table SYS$MRTableAgentStat state=RUNNING reportTime=2021-05-24 11:28:20 UTC numAttempts=1 generalTask_Total=1 generalTask_Successful=1]
2021-05-24 11:28:20.881 UTC INFO - [admin1] PlanStateChange [id=9 name=SYS$Create system table SYS$StreamResponse state=RUNNING at 2021-05-24 11:28:20 UTC numAttempts=1 : Plan is starting]
2021-05-24 11:28:20.881 UTC INFO - [admin1] Plan 9 [SYS$Create system table SYS$StreamResponse] started, 1 tasks
2021-05-24 11:28:20.882 UTC INFO - [admin1] Plan 8 [SYS$Create system table SYS$MRTableAgentStat] task [AddTable SYS$MRTableAgentStat] [1] ended, state=SUCCEEDED
2021-05-24 11:28:20.883 UTC INFO - [admin1] PlanStateChange [id=8 name=SYS$Create system table SYS$MRTableAgentStat state=SUCCEEDED at 2021-05-24 11:28:20 UTC numAttempts=1 : Plan finished.]
2021-05-24 11:28:20.884 UTC INFO - [admin1] Plan 9 [SYS$Create system table SYS$StreamResponse] task [AddTable SYS$StreamResponse] [1] started
2021-05-24 11:28:20.898 UTC INFO - [admin1] Plan 8 [SYS$Create system table SYS$MRTableAgentStat] ended, state=SUCCEEDED
2021-05-24 11:28:20.900 UTC INFO - [admin1] PlanStateChange [id=10 name=SYS$Create system table SYS$PartitionStatsLease state=APPROVED at 2021-05-24 11:28:20 UTC numAttempts=0 : approval requested]
2021-05-24 11:28:20.911 UTC INFO - [admin1] Plan 10 [SYS$Create system table SYS$PartitionStatsLease] approved
2021-05-24 11:28:20.911 UTC INFO - [admin1] PlanStateChange [id=10 name=SYS$Create system table SYS$PartitionStatsLease state=RUNNING at 2021-05-24 11:28:20 UTC numAttempts=1 : Plan is starting]
2021-05-24 11:28:20.912 UTC INFO - [admin1] Plan 10 [SYS$Create system table SYS$PartitionStatsLease] started, 1 tasks
2021-05-24 11:28:20.915 UTC INFO - [admin1] PlanProgress [id=9 name=SYS$Create system table SYS$StreamResponse state=RUNNING reportTime=2021-05-24 11:28:20 UTC numAttempts=1 generalTask_Total=1 generalTask_Successful=1]
2021-05-24 11:28:20.920 UTC INFO - [admin1] Plan 10 [SYS$Create system table SYS$PartitionStatsLease] task [AddTable SYS$PartitionStatsLease] [1] started
2021-05-24 11:28:20.920 UTC INFO - [admin1] Plan 9 [SYS$Create system table SYS$StreamResponse] task [AddTable SYS$StreamResponse] [1] ended, state=SUCCEEDED
2021-05-24 11:28:20.921 UTC INFO - [admin1] PlanStateChange [id=9 name=SYS$Create system table SYS$StreamResponse state=SUCCEEDED at 2021-05-24 11:28:20 UTC numAttempts=1 : Plan finished.]
2021-05-24 11:28:20.948 UTC INFO - [admin1] Plan 9 [SYS$Create system table SYS$StreamResponse] ended, state=SUCCEEDED
2021-05-24 11:28:20.950 UTC INFO - [admin1] PlanStateChange [id=11 name=SYS$Create system table SYS$TableStatsIndex state=APPROVED at 2021-05-24 11:28:20 UTC numAttempts=0 : approval requested]
2021-05-24 11:28:20.968 UTC INFO - [admin1] PlanProgress [id=10 name=SYS$Create system table SYS$PartitionStatsLease state=RUNNING reportTime=2021-05-24 11:28:20 UTC numAttempts=1 generalTask_Total=1 generalTask_Successful=1]
2021-05-24 11:28:20.968 UTC INFO - [admin1] Plan 11 [SYS$Create system table SYS$TableStatsIndex] approved
2021-05-24 11:28:20.970 UTC INFO - [admin1] PlanStateChange [id=11 name=SYS$Create system table SYS$TableStatsIndex state=RUNNING at 2021-05-24 11:28:20 UTC numAttempts=1 : Plan is starting]
2021-05-24 11:28:20.970 UTC INFO - [admin1] Plan 11 [SYS$Create system table SYS$TableStatsIndex] started, 1 tasks
2021-05-24 11:28:20.971 UTC INFO - [admin1] Plan 10 [SYS$Create system table SYS$PartitionStatsLease] task [AddTable SYS$PartitionStatsLease] [1] ended, state=SUCCEEDED
2021-05-24 11:28:20.971 UTC INFO - [admin1] PlanStateChange [id=10 name=SYS$Create system table SYS$PartitionStatsLease state=SUCCEEDED at 2021-05-24 11:28:20 UTC numAttempts=1 : Plan finished.]
2021-05-24 11:28:20.973 UTC INFO - [admin1] Plan 11 [SYS$Create system table SYS$TableStatsIndex] task [AddTable SYS$TableStatsIndex] [1] started
2021-05-24 11:28:20.990 UTC INFO - [admin1] Plan 10 [SYS$Create system table SYS$PartitionStatsLease] ended, state=SUCCEEDED
2021-05-24 11:28:21.010 UTC INFO - [admin1] PlanProgress [id=11 name=SYS$Create system table SYS$TableStatsIndex state=RUNNING reportTime=2021-05-24 11:28:21 UTC numAttempts=1 generalTask_Total=1 generalTask_Successful=1]
2021-05-24 11:28:21.051 UTC INFO - [admin1] Plan 11 [SYS$Create system table SYS$TableStatsIndex] task [AddTable SYS$TableStatsIndex] [1] ended, state=SUCCEEDED
2021-05-24 11:28:21.052 UTC INFO - [admin1] PlanStateChange [id=11 name=SYS$Create system table SYS$TableStatsIndex state=SUCCEEDED at 2021-05-24 11:28:21 UTC numAttempts=1 : Plan finished.]
2021-05-24 11:28:21.055 UTC INFO - [admin1] Plan 11 [SYS$Create system table SYS$TableStatsIndex] ended, state=SUCCEEDED
2021-05-24 11:28:21.717 UTC INFO - [admin1] Monitor collector: adding sn1 to monitoring
2021-05-24 11:28:21.722 UTC INFO - [admin1] PlanProgress [id=3 name=Deploy Storage Node state=RUNNING reportTime=2021-05-24 11:28:21 UTC numAttempts=1 generalTask_Total=1 generalTask_Successful=1]
2021-05-24 11:28:21.345 UTC INFO - [sn1] Starting StorageNodeAgent for kvstore NoSQL version:20.3.18 2021-05-05 05:19:35 UTC  Build id: 8d8b7830ce8d Edition: Community JE version:20.3.17 Java version:1.8.0_201
2021-05-24 11:28:21.589 UTC INFO - [sn1] Create collector service and register parameter listeners successfully.
2021-05-24 11:28:21.608 UTC INFO - [sn1] Starting MonitorAgent.  Server socket factory:<ClearServerSocketFactory backlog=1024 portRange=0,0 acceptMaxActiveConns=0 useAsync> Client socket factory:<ClientSocketFactory name=kvstore|sn|monitor id=2069321037 connectMs=10000 readMs=5000 clientId=none localAddr=none>
2021-05-24 11:28:21.648 UTC INFO - [sn1] Started MasterRebalanceThread
2021-05-24 11:28:21.688 UTC INFO - [sn1] kvstore:sn1:MONITOR service port: 54171
2021-05-24 11:28:21.691 UTC INFO - [sn1] Successfully created secure proxy for the storage node agent
2021-05-24 11:28:21.706 UTC INFO - [sn1] kvstore:sn1:MAIN service port: 54171
2021-05-24 11:28:21.706 UTC INFO - [sn1] Rebound to registry port 5000 using name sn1 with SSF:<ClearServerSocketFactory backlog=1024 portRange=0,0 acceptMaxActiveConns=0 useAsync>
2021-05-24 11:28:21.706 UTC INFO - [sn1] Service status changed from STARTING to RUNNING
2021-05-24 11:28:21.781 UTC INFO - [admin1] [sn1] Service status: RUNNING 2021-05-24 11:28:21 UTC
2021-05-24 11:28:21.706 UTC INFO - [sn1] Started StorageNodeAgent for kvstore
2021-05-24 11:28:21.812 UTC INFO - [admin1] Plan 3 [Deploy Storage Node] task [DeploySN sn1(DESKTOP-P7OHHRP:5000)] [1] ended, state=SUCCEEDED
2021-05-24 11:28:21.813 UTC INFO - [admin1] PlanStateChange [id=3 name=Deploy Storage Node state=SUCCEEDED at 2021-05-24 11:28:21 UTC numAttempts=1 : Plan finished.]
2021-05-24 11:28:21.818 UTC INFO - [admin1] Plan 3 [Deploy Storage Node] ended, state=SUCCEEDED
2021-05-24 11:28:21.851 UTC INFO - [admin1] PlanStateChange [id=12 name=Deploy Admin Service state=APPROVED at 2021-05-24 11:28:21 UTC numAttempts=0 : approval requested]
2021-05-24 11:28:21.858 UTC INFO - [admin1] Plan 12 [Deploy Admin Service] approved
2021-05-24 11:28:21.870 UTC INFO - [admin1] PlanStateChange [id=12 name=Deploy Admin Service state=RUNNING at 2021-05-24 11:28:21 UTC numAttempts=1 : Plan is starting]
2021-05-24 11:28:21.871 UTC INFO - [admin1] Plan 12 [Deploy Admin Service] started, 3 tasks
2021-05-24 11:28:21.928 UTC INFO - [admin1] Plan 12 [Deploy Admin Service] task [DeployAdmin admin1 on sn1] [1] started
2021-05-24 11:28:22.544 UTC INFO - [admin1] newParameters called for Monitor
2021-05-24 11:28:22.552 UTC INFO - [admin1] newGlobalParameters are identical to old global parameters
2021-05-24 11:28:22.565 UTC INFO - [admin1] PlanProgress [id=12 name=Deploy Admin Service state=RUNNING reportTime=2021-05-24 11:28:22 UTC numAttempts=1 generalTask_Total=3 generalTask_Successful=1 generalTask_NotStarted=2]
2021-05-24 11:28:22.568 UTC INFO - [admin1] Plan 12 [Deploy Admin Service] task [DeployAdmin admin1 on sn1] [1] ended, state=SUCCEEDED
2021-05-24 11:28:22.569 UTC INFO - [admin1] Plan 12 [Deploy Admin Service] task [WaitForAdminState admin1 to reach RUNNING] [2] started
2021-05-24 11:28:22.581 UTC INFO - [admin1] PlanProgress [id=12 name=Deploy Admin Service state=RUNNING reportTime=2021-05-24 11:28:22 UTC numAttempts=1 generalTask_Total=3 generalTask_Successful=2 generalTask_NotStarted=1]
2021-05-24 11:28:22.583 UTC INFO - [admin1] Plan 12 [Deploy Admin Service] task [WaitForAdminState admin1 to reach RUNNING] [2] ended, state=SUCCEEDED
2021-05-24 11:28:22.585 UTC INFO - [admin1] Plan 12 [Deploy Admin Service] task [UpdateAdminHelperHost null] [3] started
2021-05-24 11:28:22.590 UTC INFO - [admin1] oracle.kv.impl.admin.param.Parameters@ebefdd7 changed helperHost to DESKTOP-P7OHHRP:5002
2021-05-24 11:28:22.819 UTC INFO - [admin1] PlanProgress [id=12 name=Deploy Admin Service state=RUNNING reportTime=2021-05-24 11:28:22 UTC numAttempts=1 generalTask_Total=3 generalTask_Successful=3]
2021-05-24 11:28:22.821 UTC INFO - [admin1] Plan 12 [Deploy Admin Service] task [UpdateAdminHelperHost null] [3] ended, state=SUCCEEDED
2021-05-24 11:28:22.821 UTC INFO - [admin1] PlanStateChange [id=12 name=Deploy Admin Service state=SUCCEEDED at 2021-05-24 11:28:22 UTC numAttempts=1 : Plan finished.]
2021-05-24 11:28:22.823 UTC INFO - [admin1] Plan 12 [Deploy Admin Service] ended, state=SUCCEEDED
2021-05-24 11:28:22.828 UTC INFO - [admin1] Created Storage Node Pool: KVLitePool
2021-05-24 11:28:22.832 UTC INFO - [admin1] Added Storage Node sn1 to pool: KVLitePool
2021-05-24 11:28:22.862 UTC INFO - [admin1] KVLite has nothing to rebalance
2021-05-24 11:28:22.952 UTC INFO - [admin1] PlanStateChange [id=13 name=Deploy KVStore state=APPROVED at 2021-05-24 11:28:22 UTC numAttempts=0 : approval requested]
2021-05-24 11:28:22.957 UTC INFO - [admin1] Plan 13 [Deploy KVStore] approved
2021-05-24 11:28:22.961 UTC INFO - [admin1] Plan 13 [Deploy KVStore] deploying topology candidate KVLite.
2021-05-24 11:28:22.966 UTC INFO - [admin1] Current topology: store=kvstore  numPartitions=0 sequence=2
  zn: id=zn1 name=KVLite repFactor=1 type=PRIMARY allowArbiters=false masterAffinity=false

  sn=[sn1] zn:[id=zn1 name=KVLite] DESKTOP-P7OHHRP:5000

  numShards=0

2021-05-24 11:28:22.966 UTC INFO - [admin1] Preview of changes to be executed by Plan 13 [Deploy KVStore]:
Topology transformation from current deployed topology to KVLite:
Create 1 shard 
Create 1 RN 
Create 10 partitions 

shard rg1
  1 new RN : rg1-rn1 
  10 new partitions 

2021-05-24 11:28:22.967 UTC INFO - [admin1] Target topology candidate: KVLite
store=kvstore  numPartitions=10 sequence=14
  zn: id=zn1 name=KVLite repFactor=1 type=PRIMARY allowArbiters=false masterAffinity=false

  sn=[sn1] zn:[id=zn1 name=KVLite] DESKTOP-P7OHHRP:5000
    [rg1-rn1]

  numShards=1
  shard=[rg1] num partitions=10
    [rg1-rn1] sn=sn1

2021-05-24 11:28:22.970 UTC INFO - [admin1] PlanStateChange [id=13 name=Deploy KVStore state=RUNNING at 2021-05-24 11:28:22 UTC numAttempts=1 : Plan is starting]
2021-05-24 11:28:22.970 UTC INFO - [admin1] Plan 13 [Deploy KVStore] started, 9 tasks
2021-05-24 11:28:22.973 UTC INFO - [admin1] Plan 13 [Deploy KVStore] task [UpdateDatacenterV2 zone=zn1] [1] started
2021-05-24 11:28:22.989 UTC INFO - [admin1] PlanProgress [id=13 name=Deploy KVStore state=RUNNING reportTime=2021-05-24 11:28:22 UTC numAttempts=1 generalTask_Total=9 generalTask_Successful=1 generalTask_NotStarted=8]
2021-05-24 11:28:22.991 UTC INFO - [admin1] Plan 13 [Deploy KVStore] task [UpdateDatacenterV2 zone=zn1] [1] ended, state=SUCCEEDED
2021-05-24 11:28:22.991 UTC INFO - [admin1] Plan 13 [Deploy KVStore] task [DeployShard on [sn1] zn:[id=zn1 name=KVLite] DESKTOP-P7OHHRP:5000 ] [2] started
2021-05-24 11:28:23.002 UTC INFO - [admin1] PlanProgress [id=13 name=Deploy KVStore state=RUNNING reportTime=2021-05-24 11:28:23 UTC numAttempts=1 generalTask_Total=9 generalTask_Successful=2 generalTask_NotStarted=7]
2021-05-24 11:28:23.004 UTC INFO - [admin1] Plan 13 [Deploy KVStore] task [DeployShard rg1 on [sn1] zn:[id=zn1 name=KVLite] DESKTOP-P7OHHRP:5000 ] [2] ended, state=SUCCEEDED
2021-05-24 11:28:23.005 UTC INFO - [admin1] Plan 13 [Deploy KVStore] task [DeployNewRN on sn1(DESKTOP-P7OHHRP:5000)] [3] started
2021-05-24 11:28:23.011 UTC INFO - [admin1] Plan 13 [Deploy KVStore] task [DeployNewRN rg1-rn1 on sn1(DESKTOP-P7OHHRP:5000)] creating rg1-rn1 on sn1 haPort=DESKTOP-P7OHHRP:5 003 helpers=DESKTOP-P7OHHRP:5003 storage directory path=C:\Users\Karol Skorek\Desktop\studia\psr\cz2\lab1\psr.pracadomowa1\.\kvroot\kvstore\sn1 directory size=1 073 741 824 log directory path =null log directory size = 0 heapMB=unspecified cachePercent=70 cacheSize=unspecified -XX:ParallelGCThreads=70
2021-05-24 11:28:24.451 UTC INFO - [admin1] Monitor collector: adding rg1-rn1 to monitoring
2021-05-24 11:28:24.472 UTC INFO - [admin1] PlanProgress [id=13 name=Deploy KVStore state=RUNNING reportTime=2021-05-24 11:28:24 UTC numAttempts=1 generalTask_Total=9 generalTask_Successful=3 generalTask_NotStarted=6]
2021-05-24 11:28:23.322 UTC INFO - [rg1-rn1] Thread[ rg1-rn1 RepNodeStateUpdateThread,5,RMI Runtime] started
2021-05-24 11:28:23.349 UTC INFO - [rg1-rn1] NoSQL version:20.3.18 2021-05-05 05:19:35 UTC  Build id: 8d8b7830ce8d Edition: Community JE version:20.3.17 Java version:1.8.0_201
2021-05-24 11:28:23.354 UTC INFO - [rg1-rn1] Created new environment dir: C:\Users\Karol Skorek\Desktop\studia\psr\cz2\lab1\psr.pracadomowa1\.\kvroot\kvstore\sn1\rg1-rn1\env
2021-05-24 11:28:23.355 UTC INFO - [rg1-rn1] Storage type of: C:\Users\Karol Skorek\Desktop\studia\psr\cz2\lab1\psr.pracadomowa1\.\kvroot\kvstore\sn1\rg1-rn1\env is UNKNOWN
2021-05-24 11:28:23.356 UTC INFO - [rg1-rn1] Can't get SN memory size. No memory allocation log.
2021-05-24 11:28:23.357 UTC INFO - [rg1-rn1] JVM Runtime maxMemory:251 392 kB JE cache size:0 kB Max Offheap cache size:0 kB
2021-05-24 11:28:23.358 UTC INFO - [rg1-rn1] Non-default JE properties for environment: {je.rep.vlsn.logCacheSize=128, je.rep.envUnknownStateTimeout=10 s, je.env.runVerifier=false, je.log.faultReadSize=4096, je.rep.vlsn.distance=1000000, je.rep.replicaTimeout=10 s, je.env.runEvictor=true, je.cleaner.minUtilization=40, je.rep.replicaAckTimeout=5 s, je.lock.nLockTables=97, je.cleaner.threads=2, je.rep.replayMaxOpenDbHandles=100, je.log.writeQueueSize=2097152, je.evictor.criticalPercentage=20, je.log.iteratorReadSize=1048576, je.log.numBuffers=16, je.rep.feederTimeout=10 s, je.nodeMaxEntries=128, je.lock.timeout=10 s, je.rep.preHeartbeatTimeoutMs=5000000000, je.rep.consistencyPolicy=NoConsistencyRequiredPolicy, je.cleaner.minFileUtilization=5, je.txn.durability=write_no_sync,write_no_sync,simple_majority, je.cleaner.readSize=1048576, je.rep.ignoreSecondaryNodeId=true, je.rep.txnRollbackLimit=10, je.log.fileCacheSize=2000, je.log.fileMax=1073741824}
2021-05-24 11:28:23.359 UTC INFO - [rg1-rn1] DataChannelFactory: basic
2021-05-24 11:28:23.366 UTC INFO - [rg1-rn1] Table manager created (max change history=1000)
2021-05-24 11:28:23.375 UTC INFO - [rg1-rn1] Partition database cache mode: EVICT_LN
2021-05-24 11:28:23.388 UTC INFO - [rg1-rn1] Starting task: interval is 20 SECONDS, delay is 16612(ms)
2021-05-24 11:28:23.431 UTC INFO - [rg1-rn1] Request type ALL is enabled
2021-05-24 11:28:23.442 UTC INFO - [rg1-rn1] Thread[ rg1-rn1 MetadataUpdateThread,5,RMI Runtime] started
2021-05-24 11:28:23.444 UTC INFO - [rg1-rn1] Registering GC listener with PS Scavenge
2021-05-24 11:28:23.445 UTC INFO - [rg1-rn1] Registering GC listener with PS MarkSweep
2021-05-24 11:28:23.469 UTC INFO - [rg1-rn1] Coordinating tasks:KVStorageStats, JEBackupManagerCopyLogFile, KVIndexCreationMax real permits:3
2021-05-24 11:28:23.471 UTC INFO - [rg1-rn1] Starting RepNodeService
2021-05-24 11:28:23.471 UTC INFO - [rg1-rn1] Starting RN MonitorAgent.  Server socket factory:<ClearServerSocketFactory backlog=1024 portRange=0,0 acceptMaxActiveConns=8192 useAsync> Client socket connect factory: <ClientSocketFactory name=kvstore|rn|monitor id=710724290 connectMs=10000 readMs=10000 clientId=none localAddr=none>
2021-05-24 11:28:23.493 UTC INFO - [rg1-rn1] kvstore:rg1-rn1:MONITOR service port: 54179
2021-05-24 11:28:23.494 UTC INFO - [rg1-rn1] Starting MonitorAgent
2021-05-24 11:28:23.516 UTC INFO - [rg1-rn1] Successfully created secure proxy for the repnode admin
2021-05-24 11:28:23.549 UTC INFO - [rg1-rn1] kvstore:rg1-rn1:ADMIN service port: 54179
2021-05-24 11:28:23.549 UTC INFO - [rg1-rn1] RepNodeAdmin registered
2021-05-24 11:28:23.568 UTC INFO - [rg1-rn1] JE: Coordinating tasks:JEBackupManagerCopyLogFileMax real permits:1
2021-05-24 11:28:23.594 UTC INFO - [rg1-rn1] JE recovery: POPULATE_UTILIZATION_PROFILE
2021-05-24 11:28:23.595 UTC INFO - [rg1-rn1] JE recovery: POPULATE_EXPIRATION_PROFILE
2021-05-24 11:28:23.596 UTC INFO - [rg1-rn1] JE recovery: REMOVE_TEMP_DBS
2021-05-24 11:28:23.597 UTC INFO - [rg1-rn1] JE recovery: CKPT
2021-05-24 11:28:23.597 UTC INFO - [rg1-rn1] JE: Checkpoint Start.Checkpoint Id=1
2021-05-24 11:28:23.604 UTC INFO - [rg1-rn1] JE: Checkpoint End. Checkpoint Id=1 success=true
2021-05-24 11:28:23.607 UTC INFO - [rg1-rn1] JE recovery: RECOVERY_FINISHED
2021-05-24 11:28:23.618 UTC INFO - [rg1-rn1] JE: No server auth method
2021-05-24 11:28:23.621 UTC INFO - [rg1-rn1] JE: Started ServiceDispatcher. HostPort=DESKTOP-P7OHHRP:5003
2021-05-24 11:28:23.622 UTC INFO - [rg1-rn1] JE: DataChannel factory: com.sleepycat.je.rep.utilint.net.SimpleChannelFactory
2021-05-24 11:28:23.624 UTC INFO - [rg1-rn1] JE: DTVLSN at start:0
2021-05-24 11:28:23.624 UTC INFO - [rg1-rn1] JE: node:NullNode(-1) state change from DETACHED to UNKNOWN
2021-05-24 11:28:23.626 UTC INFO - [rg1-rn1] JE: Learner started
2021-05-24 11:28:23.627 UTC INFO - [rg1-rn1] JE: Current group size: 0
2021-05-24 11:28:23.627 UTC INFO - [rg1-rn1] JE: New node rg1-rn1(-1) unknown to rep group
2021-05-24 11:28:23.627 UTC INFO - [rg1-rn1] JE: Learner notified. Proposal:Proposal(000001799e22124b:522efc2e84183f1d50fb75e277f5e514:00000002) Value: Value:DESKTOP-P7OHHRP$$$5003$$$rg1-rn1$$$1
2021-05-24 11:28:23.627 UTC INFO - [rg1-rn1] JE: Master changed to rg1-rn1
2021-05-24 11:28:23.627 UTC INFO - [rg1-rn1] JE: Nascent group. rg1-rn1 is master by virtue of being the first node.
2021-05-24 11:28:23.627 UTC INFO - [rg1-rn1] JE: node:rg1-rn1(1) state change from UNKNOWN to MASTER
2021-05-24 11:28:23.627 UTC INFO - [rg1-rn1] JE: Acceptor started
2021-05-24 11:28:23.639 UTC INFO - [rg1-rn1] JE: Successfully added node:rg1-rn1(1) HostPort = DESKTOP-P7OHHRP: 5003 [ELECTABLE]
2021-05-24 11:28:23.639 UTC INFO - [rg1-rn1] JE recovery: BECOME_CONSISTENT
2021-05-24 11:28:23.640 UTC INFO - [rg1-rn1] JE: Node rg1-rn1 started
2021-05-24 11:28:23.640 UTC INFO - [rg1-rn1] JE: node:NullNode(-1) state change from MASTER to UNKNOWN
2021-05-24 11:28:23.640 UTC INFO - [rg1-rn1] JE: node:rg1-rn1(1) state change from UNKNOWN to MASTER
2021-05-24 11:28:23.641 UTC INFO - [rg1-rn1] JE: Feeder manager accepting requests.
2021-05-24 11:28:23.641 UTC INFO - [rg1-rn1] JE: Joining group as master
2021-05-24 11:28:23.641 UTC INFO - [rg1-rn1] Opened JE environment: 20.3.17 JVM max heap: 257 425 408 JE properties:  nodeName=null allowCreate=true recoveryProgressListener=true classLoader=false customStats=false cacheSize=180197785 offHeapCacheSize=0 cacheMode=EVICT_LN txnNoSync=false txnWriteNoSync=false exceptionListener=false map={je.lock.timeout=10 s, je.cleaner.minFileUtilization=5, je.cleaner.readSize=1048576, je.log.faultReadSize=4096, je.rep.consistencyPolicy=NoConsistencyRequiredPolicy, je.log.fileMax=1073741824, je.rep.feederTimeout=10 s, je.rep.node.priority=1, je.file.logging.prefix=rg1-rn1, je.rep.nodeName=rg1-rn1, je.nodeMaxEntries=128, je.log.writeQueueSize=2097152, je.evictor.criticalPercentage=20, je.maxDisk=1073741824, je.maxMemoryPercent=70, je.env.runVerifier=false, je.rep.electableGroupSizeOverride=0, je.env.runEvictor=true, je.log.iteratorReadSize=1048576, je.txn.durability=WRITE_NO_SYNC,WRITE_NO_SYNC,SIMPLE_MAJORITY, je.maxOffHeapMemory=0, je.checkpointer.bytesInterval=500000000, je.log.numBuffers=16, je.rep.nodeHostPort=DESKTOP-P7OHHRP:5003, je.rep.vlsn.distance=1000000, je.rep.txnRollbackLimit=10, je.rep.replayMaxOpenDbHandles=100, je.rep.ignoreSecondaryNodeId=true, je.maxMemory=0, je.file.logging.directory=./kvroot/kvstore/log, je.cleaner.minUtilization=40, je.env.isTransactional=true, je.log.fileCacheSize=2000, je.rep.helperHosts=DESKTOP-P7OHHRP:5003, je.rep.preHeartbeatTimeoutMs=5000000000, je.rep.vlsn.logCacheSize=128, je.rep.replicaTimeout=10 s, je.lock.nLockTables=97, je.rep.disableAuthoritativeMaster=false, je.rep.nodeType=ELECTABLE, je.rep.envUnknownStateTimeout=10 s, je.rep.preserveRecordVersion=true, je.rep.groupName=rg1, je.rep.replicaAckTimeout=5 s, je.cleaner.threads=2}
2021-05-24 11:28:23.644 UTC INFO - [rg1-rn1] Local Environment version updated to: 20.3.18 2021-05-05 05:19:35 UTC  Build id: 8d8b7830ce8d Edition: Community Previous version:  none
2021-05-24 11:28:23.645 UTC INFO - [rg1-rn1] State change event: Mon May 24 13:28:23 CEST 2021, State: MASTER, Type: ELECTABLE, Master: rg1-rn1
2021-05-24 11:28:23.646 UTC INFO - [rg1-rn1] MigrationStateTracker-serviceId-null queue added:MASTER
2021-05-24 11:28:23.646 UTC INFO - [rg1-rn1] TableManagerStateTracker-serviceId-rg1-rn1 queue added:MASTER
2021-05-24 11:28:23.646 UTC INFO - [rg1-rn1] MasterBalanceStateTracker-serviceId-rg1-rn1 queue added:MASTER
2021-05-24 11:28:23.646 UTC INFO - [rg1-rn1] TextIndexFeederStateTracker-serviceId-rg1-rn1 queue added:MASTER
2021-05-24 11:28:23.646 UTC INFO - [rg1-rn1] Replicated environment handle established. Cache size: 180197785, State: MASTER
2021-05-24 11:28:23.646 UTC INFO - [rg1-rn1] Store did not contain a topology
2021-05-24 11:28:23.647 UTC INFO - [rg1-rn1] Topology needs to be pushed to this node.
2021-05-24 11:28:23.647 UTC INFO - [rg1-rn1] MasterBalanceStateTracker-serviceId-rg1-rn1 thread start: rg1-rn1
2021-05-24 11:28:23.647 UTC INFO - [rg1-rn1] TableManagerStateTracker-serviceId-rg1-rn1 thread start: rg1-rn1
2021-05-24 11:28:23.647 UTC INFO - [rg1-rn1] MigrationStateTracker-serviceId-null thread start: null
2021-05-24 11:28:23.647 UTC INFO - [rg1-rn1] TextIndexFeederStateTracker-serviceId-rg1-rn1 thread start: rg1-rn1
2021-05-24 11:28:23.648 UTC INFO - [rg1-rn1] Migration manager change state to MASTER.
2021-05-24 11:28:23.648 UTC INFO - [rg1-rn1] Table manager change state to MASTER
2021-05-24 11:28:23.648 UTC INFO - [rg1-rn1] TIF received state change MASTER
2021-05-24 11:28:23.649 UTC INFO - [rg1-rn1] no text index found, skip starting TIF.
2021-05-24 11:28:23.655 UTC INFO - [rg1-rn1] Migration db opened: MigrationDB, generation db opened: PartitionGenMD
2021-05-24 11:28:23.658 UTC INFO - [rg1-rn1] Migration service accepting requests.
2021-05-24 11:28:23.660 UTC INFO - [rg1-rn1] Starting Thread[KV table maintenance,5,]
2021-05-24 11:28:23.669 UTC INFO - [rg1-rn1] kvstore:rg1-rn1:MAIN service port: 54179
2021-05-24 11:28:23.725 UTC INFO - [rg1-rn1] No RN Login configured. 
2021-05-24 11:28:23.725 UTC INFO - [rg1-rn1] Service status changed from STARTING to RUNNING
2021-05-24 11:28:24.480 UTC INFO - [admin1] [rg1-rn1] Service status: RUNNING 2021-05-24 11:28:23 UTC
2021-05-24 11:28:23.729 UTC INFO - [rg1-rn1] Start statistics gathering: Thread[Key Stats Gather Thread,5,RMI Runtime]
2021-05-24 11:28:23.729 UTC INFO - [rg1-rn1] Started RepNodeService
2021-05-24 11:28:23.729 UTC INFO - [rg1-rn1] The next key stats scan interval begins at 2021-05-25 00:00:00.000 UTC
2021-05-24 11:28:24.302 UTC INFO - [rg1-rn1] Topology updated from seq#: 0 to 4
2021-05-24 11:28:24.322 UTC INFO - [rg1-rn1] Open SecurityMetadata DB
2021-05-24 11:28:24.326 UTC INFO - [rg1-rn1] Open TableMetadata DB
2021-05-24 11:28:24.326 UTC INFO - [rg1-rn1] Establishing secondary database handles, table seq#: 0
2021-05-24 11:28:24.336 UTC INFO - [rg1-rn1] Established 0 partition database handles, topology seq#: 4
2021-05-24 11:28:24.420 UTC INFO - [rg1-rn1] Established 0 secondary database handles
2021-05-24 11:28:24.420 UTC INFO - [rg1-rn1] Establishing secondary database handles, table seq#: 0
2021-05-24 11:28:24.423 UTC INFO - [rg1-rn1] Topology stored seq#: 4
2021-05-24 11:28:24.424 UTC INFO - [rg1-rn1] Updating table metadata with TableMetadata[9, n:-, t:9, 9]
2021-05-24 11:28:24.431 UTC INFO - [rg1-rn1] Enabling table metadata split, serial version=25
2021-05-24 11:28:24.448 UTC INFO - [rg1-rn1] Metadata stored: TableMetadata[9, n:-, t:9, 9]
2021-05-24 11:28:24.537 UTC INFO - [admin1] Plan 13 [Deploy KVStore] task [DeployNewRN rg1-rn1 on sn1(DESKTOP-P7OHHRP:5000)] [3] ended, state=SUCCEEDED
2021-05-24 11:28:24.539 UTC INFO - [admin1] Plan 13 [Deploy KVStore] task [UpdateNthRNHelperHost] [4] started
2021-05-24 11:28:24.549 UTC INFO - [admin1] Changing helperHost for rg1-rn1 in metadata database  to DESKTOP-P7OHHRP:5003
2021-05-24 11:28:24.827 UTC INFO - [admin1] Changed helperHost for rg1-rn1 on sn1 to DESKTOP-P7OHHRP:5003
2021-05-24 11:28:24.837 UTC INFO - [admin1] PlanProgress [id=13 name=Deploy KVStore state=RUNNING reportTime=2021-05-24 11:28:24 UTC numAttempts=1 generalTask_Total=9 generalTask_Successful=4 generalTask_NotStarted=5]
2021-05-24 11:28:24.840 UTC INFO - [admin1] Plan 13 [Deploy KVStore] task [UpdateNthRNHelperHost] [4] ended, state=SUCCEEDED
2021-05-24 11:28:24.840 UTC INFO - [admin1] Plan 13 [Deploy KVStore] task [NewNthRNParameters] [5] started
2021-05-24 11:28:24.931 UTC INFO - [admin1] PlanProgress [id=13 name=Deploy KVStore state=RUNNING reportTime=2021-05-24 11:28:24 UTC numAttempts=1 generalTask_Total=9 generalTask_Successful=5 generalTask_NotStarted=4]
2021-05-24 11:28:24.933 UTC INFO - [admin1] Plan 13 [Deploy KVStore] task [NewNthRNParameters] [5] ended, state=SUCCEEDED
2021-05-24 11:28:24.935 UTC INFO - [admin1] Plan 13 [Deploy KVStore] task [BroadcastTopo] [6] started
2021-05-24 11:28:24.936 UTC INFO - [admin1] Broadcasting topology seq# 4, changes for plan 13
2021-05-24 11:28:24.943 UTC INFO - [admin1] PlanProgress [id=13 name=Deploy KVStore state=RUNNING reportTime=2021-05-24 11:28:24 UTC numAttempts=1 generalTask_Total=9 generalTask_Successful=6 generalTask_NotStarted=3]
2021-05-24 11:28:24.945 UTC INFO - [admin1] Plan 13 [Deploy KVStore] task [BroadcastTopo] [6] ended, state=SUCCEEDED
2021-05-24 11:28:24.946 UTC INFO - [admin1] Plan 13 [Deploy KVStore] task [BroadcastMetadata] [7] started
2021-05-24 11:28:24.950 UTC INFO - [admin1] PlanProgress [id=13 name=Deploy KVStore state=RUNNING reportTime=2021-05-24 11:28:24 UTC numAttempts=1 generalTask_Total=9 generalTask_Successful=7 generalTask_NotStarted=2]
2021-05-24 11:28:24.951 UTC INFO - [admin1] Plan 13 [Deploy KVStore] task [BroadcastMetadata] [7] ended, state=SUCCEEDED
2021-05-24 11:28:24.952 UTC INFO - [admin1] Plan 13 [Deploy KVStore] task [AddPartitions totalPartitions=10] [8] started
2021-05-24 11:28:24.964 UTC INFO - [admin1] Broadcasting topology seq# 14, changes for Initializing new partitions
2021-05-24 11:28:24.987 UTC INFO - [admin1] PlanProgress [id=13 name=Deploy KVStore state=RUNNING reportTime=2021-05-24 11:28:24 UTC numAttempts=1 generalTask_Total=9 generalTask_Successful=8 generalTask_NotStarted=1]
2021-05-24 11:28:25.010 UTC INFO - [admin1] Plan 13 [Deploy KVStore] task [AddPartitions totalPartitions=10] [8] ended, state=SUCCEEDED
2021-05-24 11:28:25.011 UTC INFO - [admin1] Plan 13 [Deploy KVStore] task [BroadcastTopo] [9] started
2021-05-24 11:28:25.013 UTC INFO - [admin1] Broadcasting topology seq# 14, changes for plan 13
2021-05-24 11:28:25.019 UTC INFO - [admin1] PlanProgress [id=13 name=Deploy KVStore state=RUNNING reportTime=2021-05-24 11:28:25 UTC numAttempts=1 generalTask_Total=9 generalTask_Successful=9]
2021-05-24 11:28:25.062 UTC INFO - [admin1] Plan 13 [Deploy KVStore] task [BroadcastTopo] [9] ended, state=SUCCEEDED
2021-05-24 11:28:25.064 UTC INFO - [admin1] PlanStateChange [id=13 name=Deploy KVStore state=SUCCEEDED at 2021-05-24 11:28:25 UTC numAttempts=1 : Plan finished.]
2021-05-24 11:28:25.067 UTC INFO - [admin1] Plan 13 [Deploy KVStore] ended, state=SUCCEEDED
2021-05-24 11:28:30.970 UTC INFO - [admin1] Checking status of system tables
2021-05-24 11:28:30.984 UTC INFO - [admin1] Exit Thread[System table monitor,5,RMI Runtime]
2021-05-24 11:28:21.975 UTC INFO - [sn1] admin1: Creating AdminService
2021-05-24 11:28:22.553 UTC INFO - [sn1] admin1: Created AdminService
2021-05-24 11:28:22.593 UTC INFO - [sn1] admin1: newAdminParameters called
2021-05-24 11:28:23.032 UTC INFO - [sn1] rg1-rn1: Creating RepNode
2021-05-24 11:28:23.247 UTC INFO - [sn1] rg1-rn1: Starting RepNode
2021-05-24 11:28:23.251 UTC INFO - [sn1] rg1-rn1: Started RepNode
2021-05-24 11:28:23.251 UTC INFO - [sn1] rg1-rn1: Configuring RepNode
2021-05-24 11:28:23.729 UTC INFO - [sn1] Thread returning for service rg1-rn1
2021-05-24 11:28:24.322 UTC INFO - [sn1] noteState called
2021-05-24 11:28:24.322 UTC INFO - [sn1] added:State RN:rg1-rn1 state: MASTER top seq num: 4
2021-05-24 11:28:24.322 UTC INFO - [sn1] sn: sn1 state transition: State RN:rg1-rn1 state: MASTER top seq num: 4 active masters:[rg1-rn1] active replicas:0 replica leases:0
2021-05-24 11:28:24.323 UTC INFO - [sn1] Acquiring initial topology from RNs
2021-05-24 11:28:24.400 UTC INFO - [sn1] Topology acquired from RN: rg1-rn1 Topo seq#: 4
2021-05-24 11:28:24.451 UTC INFO - [sn1] rg1-rn1: Created RepNode
2021-05-24 11:28:24.574 UTC INFO - [sn1] rg1-rn1: newRepNodeParameters called
2021-05-24 11:28:24.507 UTC INFO - [rg1-rn1] Starting Thread[KV table maintenance,5,]
2021-05-24 11:28:24.507 UTC INFO - [rg1-rn1] Establishing secondary database handles, table seq#: 9
2021-05-24 11:28:24.507 UTC INFO - [rg1-rn1] Established 0 secondary database handles
2021-05-24 11:28:24.927 UTC INFO - [rg1-rn1] newParameters are identical to old parameters
2021-05-24 11:28:24.973 UTC INFO - [rg1-rn1] Topology incrementally updated from seq#: 4 to 14
2021-05-24 11:28:24.976 UTC INFO - [rg1-rn1] Topology stored seq#: 14
2021-05-24 11:28:24.984 UTC INFO - [rg1-rn1] Starting Thread[KV table maintenance,5,]
2021-05-24 11:28:24.985 UTC INFO - [rg1-rn1] Establishing secondary database handles, table seq#: 9
2021-05-24 11:28:24.985 UTC INFO - [rg1-rn1] Established 0 secondary database handles
2021-05-24 11:28:25.010 UTC INFO - [rg1-rn1] Established 10 partition database handles, topology seq#: 14
2021-05-24 11:29:21.010 UTC INFO - [admin1] SoftwareVersionUpdater: resetting interval to: 3600000 milliseconds (1 agents)
2021-05-24 11:29:23.767 UTC INFO - [rg1-rn1] Establishing RMI connection for admin DDL
2021-05-24 11:29:23.778 UTC INFO - [rg1-rn1] Establishing RMI connection for admin DDL
2021-05-24 11:29:23.780 UTC INFO - [rg1-rn1] Establishing RMI connection for admin DDL
2021-05-24 11:29:23.810 UTC INFO - [rg1-rn1] JE: Updated minimum JE group version to 6.5.0
2021-05-24 11:29:23.971 UTC INFO - [rg1-rn1] Key stats scan took 242ms to scan 85 records
2021-05-24 11:29:24.417 UTC INFO - [sn1] Topology acquired from RN: rg1-rn1 Topo seq#: 14
