2021-05-21 18:51:17.193 UTC INFO [admin1] Initializing PRIMARY Admin for store: kvstore
2021-05-21 18:51:17.199 UTC INFO [admin1] Created new admin environment dir: .\kvroot\kvstore\sn1\admin1\env
2021-05-21 18:51:17.210 UTC INFO [admin1] JVM Runtime maxMemory (bytes): 257425408
2021-05-21 18:51:17.211 UTC INFO [admin1] Non-default JE properties for environment: {je.env.runVerifier=false, je.log.faultReadSize=4096, je.env.runEvictor=true, je.cleaner.minUtilization=40, je.maxDisk=3221225472, je.lock.nLockTables=97, je.cleaner.threads=2, je.log.writeQueueSize=2097152, je.evictor.criticalPercentage=20, je.log.iteratorReadSize=1048576, je.log.numBuffers=16, je.nodeMaxEntries=128, je.lock.timeout=10 s, je.cleaner.minFileUtilization=5, je.txn.durability=write_no_sync,write_no_sync,simple_majority, je.cleaner.readSize=1048576, je.log.fileCacheSize=2000, je.log.fileMax=52428800}
2021-05-21 18:51:17.236 UTC INFO [admin1] DataChannelFactory: basic
2021-05-21 18:51:17.241 UTC INFO [admin1] AdminStateTracker-serviceId-admin1 thread start: admin1
2021-05-21 18:51:17.341 UTC INFO [admin1] JE: Coordinating tasks:JEBackupManagerCopyLogFileMax real permits:1
2021-05-21 18:51:17.823 UTC INFO [admin1] JE recovery: POPULATE_UTILIZATION_PROFILE
2021-05-21 18:51:17.856 UTC INFO [admin1] JE recovery: POPULATE_EXPIRATION_PROFILE
2021-05-21 18:51:17.860 UTC INFO [admin1] JE recovery: REMOVE_TEMP_DBS
2021-05-21 18:51:17.872 UTC INFO [admin1] JE recovery: CKPT
2021-05-21 18:51:17.873 UTC INFO [admin1] JE: Checkpoint Start.Checkpoint Id=1
2021-05-21 18:51:17.891 UTC INFO [admin1] JE: Checkpoint End. Checkpoint Id=1 success=true
2021-05-21 18:51:17.897 UTC INFO [admin1] JE recovery: RECOVERY_FINISHED
2021-05-21 18:51:17.924 UTC INFO [admin1] JE: No server auth method
2021-05-21 18:51:17.925 UTC INFO [admin1] JE: Started ServiceDispatcher. HostPort=DESKTOP-P7OHHRP:5002
2021-05-21 18:51:17.926 UTC INFO [admin1] JE: DataChannel factory: com.sleepycat.je.rep.utilint.net.SimpleChannelFactory
2021-05-21 18:51:17.973 UTC INFO [admin1] JE: DTVLSN at start:0
2021-05-21 18:51:17.974 UTC INFO [admin1] JE: node:NullNode(-1) state change from DETACHED to UNKNOWN
2021-05-21 18:51:17.993 UTC INFO [admin1] JE: Learner started
2021-05-21 18:51:17.997 UTC INFO [admin1] JE: Acceptor started
2021-05-21 18:51:17.998 UTC INFO [admin1] JE: Current group size: 0
2021-05-21 18:51:17.998 UTC INFO [admin1] JE: New node 1(-1) unknown to rep group
2021-05-21 18:51:17.999 UTC INFO [admin1] JE: Learner notified. Proposal:Proposal(0000017990447c6f:44b9e1414715331772f52cf14f51e589:00000001) Value: Value:DESKTOP-P7OHHRP$$$5002$$$1$$$1
2021-05-21 18:51:17.999 UTC INFO [admin1] JE: Master changed to 1
2021-05-21 18:51:18.000 UTC INFO [admin1] JE: Nascent group. 1 is master by virtue of being the first node.
2021-05-21 18:51:18.000 UTC INFO [admin1] JE: node:1(1) state change from UNKNOWN to MASTER
2021-05-21 18:51:18.021 UTC INFO [admin1] JE: Successfully added node:1(1) HostPort = DESKTOP-P7OHHRP: 5002 [ELECTABLE]
2021-05-21 18:51:18.022 UTC INFO [admin1] JE recovery: BECOME_CONSISTENT
2021-05-21 18:51:18.023 UTC INFO [admin1] JE: Node 1 started
2021-05-21 18:51:18.023 UTC INFO [admin1] JE: node:NullNode(-1) state change from MASTER to UNKNOWN
2021-05-21 18:51:18.067 UTC INFO [admin1] JE: node:1(1) state change from UNKNOWN to MASTER
2021-05-21 18:51:18.068 UTC INFO [admin1] JE: Feeder manager accepting requests.
2021-05-21 18:51:18.069 UTC INFO [admin1] JE: Joining group as master
2021-05-21 18:51:18.071 UTC INFO [admin1] State change event: Fri May 21 20:51:18 CEST 2021, State: MASTER, Type: PRIMARY, Master: 1
2021-05-21 18:51:18.072 UTC INFO [admin1] AdminStateTracker-serviceId-admin1 queue added:MASTER
2021-05-21 18:51:18.073 UTC INFO [admin1] Shutting down monitor collector
2021-05-21 18:51:18.078 UTC INFO [admin1] Initializing Admin Schema to schema version 5/NoSQL DB 20.3.18 2021-05-05 05:19:35 UTC  Build id: 8d8b7830ce8d Edition: Community
2021-05-21 18:51:18.097 UTC INFO [admin1] Initialize stores at schema version 5, readOnly=false
2021-05-21 18:51:18.102 UTC INFO [admin1] Open: AdminCriticalEventsDatabase
2021-05-21 18:51:18.105 UTC INFO [admin1] Open: AdminParametersDatabase
2021-05-21 18:51:18.107 UTC INFO [admin1] Open: AdminMemoDatabase
2021-05-21 18:51:18.112 UTC INFO [admin1] Open: AdminPlanDatabase
2021-05-21 18:51:18.114 UTC INFO [admin1] Open: AdminSecurityDatabase
2021-05-21 18:51:18.115 UTC INFO [admin1] Open: AdminTableDatabase
2021-05-21 18:51:18.118 UTC INFO [admin1] Open: AdminTopologyHistoryDatabase
2021-05-21 18:51:18.119 UTC INFO [admin1] Open: AdminTopologyCandidateDatabase
2021-05-21 18:51:18.127 UTC INFO [admin1] Initializing Admin database
2021-05-21 18:51:18.171 UTC INFO [admin1] Admin database initialized
2021-05-21 18:51:18.173 UTC INFO [admin1] statusListener service port: 54214
2021-05-21 18:51:18.173 UTC INFO [admin1] perfListener service port: 54214
2021-05-21 18:51:18.173 UTC INFO [admin1] logListener service port: 54214
2021-05-21 18:51:18.187 UTC INFO [admin1] Starting Thread[System table monitor,5,RMI Runtime]
2021-05-21 18:51:18.189 UTC INFO [admin1] Checking status of system tables
2021-05-21 18:51:18.193 UTC INFO [admin1] Replicated environment handle established. Cache size: 154455244, State: MASTER
2021-05-21 18:51:18.206 UTC INFO [admin1] Starting task: interval is 20 SECONDS, delay is 1794(ms)
2021-05-21 18:51:18.207 UTC INFO [admin1] Configured Admin for store: kvstore
2021-05-21 18:51:18.210 UTC INFO [admin1] Admin web service is not starting up, web port: -1
2021-05-21 18:51:18.268 UTC INFO [admin1] Plan 1 [Deploy KVLite] approved
2021-05-21 18:51:18.283 UTC INFO [admin1] Plan 1 [Deploy KVLite] started, 1 tasks
2021-05-21 18:51:18.306 UTC INFO [admin1] Plan 1 [Deploy KVLite] task [DeployDatacenter zone=KVLite] [1] started
2021-05-21 18:51:18.318 UTC INFO [admin1] Plan 1 [Deploy KVLite] task [DeployDatacenter zone=KVLite] [1] ended, state=SUCCEEDED
2021-05-21 18:51:18.318 UTC INFO [admin1] Plan 2 [SYS$Create system table SYS$TableStatsPartition] approved
2021-05-21 18:51:18.321 UTC INFO [admin1] Plan 2 [SYS$Create system table SYS$TableStatsPartition] started, 1 tasks
2021-05-21 18:51:18.325 UTC INFO [admin1] Plan 2 [SYS$Create system table SYS$TableStatsPartition] task [AddTable SYS$TableStatsPartition] [1] started
2021-05-21 18:51:18.326 UTC INFO [admin1] Plan 1 [Deploy KVLite] ended, state=SUCCEEDED
2021-05-21 18:51:18.332 UTC INFO [admin1] Plan 3 [SYS$Create system table SYS$StreamRequest] approved
2021-05-21 18:51:18.333 UTC INFO [admin1] Plan 3 [SYS$Create system table SYS$StreamRequest] started, 1 tasks
2021-05-21 18:51:18.354 UTC INFO [admin1] Plan 3 [SYS$Create system table SYS$StreamRequest] task [AddTable SYS$StreamRequest] [1] started
2021-05-21 18:51:18.388 UTC INFO [admin1] Plan 4 [SYS$Create system table SYS$IndexStatsLease] approved
2021-05-21 18:51:18.390 UTC INFO [admin1] Plan 4 [SYS$Create system table SYS$IndexStatsLease] started, 1 tasks
2021-05-21 18:51:18.419 UTC INFO [admin1] Plan 2 [SYS$Create system table SYS$TableStatsPartition] task [AddTable SYS$TableStatsPartition] [1] ended, state=SUCCEEDED
2021-05-21 18:51:18.420 UTC INFO [admin1] Plan 4 [SYS$Create system table SYS$IndexStatsLease] task [AddTable SYS$IndexStatsLease] [1] started
2021-05-21 18:51:18.431 UTC INFO [admin1] Plan 5 [Deploy Storage Node] approved
2021-05-21 18:51:18.451 UTC INFO [admin1] Plan 5 [Deploy Storage Node] started, 1 tasks
2021-05-21 18:51:18.460 UTC INFO [admin1] Plan 6 [SYS$Create system table SYS$PartitionStatsLease] approved
2021-05-21 18:51:18.464 UTC INFO [admin1] Plan 2 [SYS$Create system table SYS$TableStatsPartition] ended, state=SUCCEEDED
2021-05-21 18:51:18.464 UTC INFO [admin1] Plan 6 [SYS$Create system table SYS$PartitionStatsLease] started, 1 tasks
2021-05-21 18:51:18.464 UTC INFO [admin1] Plan 3 [SYS$Create system table SYS$StreamRequest] task [AddTable SYS$StreamRequest] [1] ended, state=SUCCEEDED
2021-05-21 18:51:18.468 UTC INFO [admin1] Plan 5 [Deploy Storage Node] task [DeploySN sn1(DESKTOP-P7OHHRP:5000)] [1] started
2021-05-21 18:51:18.480 UTC INFO [admin1] Plan 6 [SYS$Create system table SYS$PartitionStatsLease] task [AddTable SYS$PartitionStatsLease] [1] started
2021-05-21 18:51:18.493 UTC INFO [admin1] Plan 3 [SYS$Create system table SYS$StreamRequest] ended, state=SUCCEEDED
2021-05-21 18:51:18.511 UTC INFO [admin1] Plan 7 [SYS$Create system table SYS$SGAttributesTable] approved
2021-05-21 18:51:18.511 UTC INFO [admin1] Plan 4 [SYS$Create system table SYS$IndexStatsLease] task [AddTable SYS$IndexStatsLease] [1] ended, state=SUCCEEDED
2021-05-21 18:51:18.511 UTC INFO [admin1] Plan 7 [SYS$Create system table SYS$SGAttributesTable] started, 1 tasks
2021-05-21 18:51:18.516 UTC INFO [admin1] Plan 7 [SYS$Create system table SYS$SGAttributesTable] task [AddTable SYS$SGAttributesTable] [1] started
2021-05-21 18:51:18.521 UTC INFO [admin1] Plan 4 [SYS$Create system table SYS$IndexStatsLease] ended, state=SUCCEEDED
2021-05-21 18:51:18.523 UTC INFO [admin1] Plan 6 [SYS$Create system table SYS$PartitionStatsLease] task [AddTable SYS$PartitionStatsLease] [1] ended, state=SUCCEEDED
2021-05-21 18:51:18.526 UTC INFO [admin1] Plan 6 [SYS$Create system table SYS$PartitionStatsLease] ended, state=SUCCEEDED
2021-05-21 18:51:18.533 UTC INFO [admin1] Plan 8 [SYS$Create system table SYS$MRTableInitCheckpoint] approved
2021-05-21 18:51:18.534 UTC INFO [admin1] Plan 8 [SYS$Create system table SYS$MRTableInitCheckpoint] started, 1 tasks
2021-05-21 18:51:18.541 UTC INFO [admin1] Plan 8 [SYS$Create system table SYS$MRTableInitCheckpoint] task [AddTable SYS$MRTableInitCheckpoint] [1] started
2021-05-21 18:51:18.561 UTC INFO [admin1] Plan 9 [SYS$Create system table SYS$MRTableAgentStat] approved
2021-05-21 18:51:18.562 UTC INFO [admin1] Plan 7 [SYS$Create system table SYS$SGAttributesTable] task [AddTable SYS$SGAttributesTable] [1] ended, state=SUCCEEDED
2021-05-21 18:51:18.562 UTC INFO [admin1] Plan 9 [SYS$Create system table SYS$MRTableAgentStat] started, 1 tasks
2021-05-21 18:51:18.574 UTC INFO [admin1] Plan 7 [SYS$Create system table SYS$SGAttributesTable] ended, state=SUCCEEDED
2021-05-21 18:51:18.576 UTC INFO [admin1] Plan 8 [SYS$Create system table SYS$MRTableInitCheckpoint] task [AddTable SYS$MRTableInitCheckpoint] [1] ended, state=SUCCEEDED
2021-05-21 18:51:18.585 UTC INFO [admin1] Plan 9 [SYS$Create system table SYS$MRTableAgentStat] task [AddTable SYS$MRTableAgentStat] [1] started
2021-05-21 18:51:18.592 UTC INFO [admin1] Plan 8 [SYS$Create system table SYS$MRTableInitCheckpoint] ended, state=SUCCEEDED
2021-05-21 18:51:18.604 UTC INFO [admin1] Plan 10 [SYS$Create system table SYS$TableStatsIndex] approved
2021-05-21 18:51:18.604 UTC INFO [admin1] Plan 10 [SYS$Create system table SYS$TableStatsIndex] started, 1 tasks
2021-05-21 18:51:18.615 UTC INFO [admin1] Plan 10 [SYS$Create system table SYS$TableStatsIndex] task [AddTable SYS$TableStatsIndex] [1] started
2021-05-21 18:51:18.627 UTC INFO [admin1] Plan 9 [SYS$Create system table SYS$MRTableAgentStat] task [AddTable SYS$MRTableAgentStat] [1] ended, state=SUCCEEDED
2021-05-21 18:51:18.632 UTC INFO [admin1] Plan 11 [SYS$Create system table SYS$StreamResponse] approved
2021-05-21 18:51:18.633 UTC INFO [admin1] Plan 11 [SYS$Create system table SYS$StreamResponse] started, 1 tasks
2021-05-21 18:51:18.636 UTC INFO [admin1] Plan 9 [SYS$Create system table SYS$MRTableAgentStat] ended, state=SUCCEEDED
2021-05-21 18:51:18.641 UTC INFO [admin1] Plan 11 [SYS$Create system table SYS$StreamResponse] task [AddTable SYS$StreamResponse] [1] started
2021-05-21 18:51:18.654 UTC INFO [admin1] Plan 10 [SYS$Create system table SYS$TableStatsIndex] task [AddTable SYS$TableStatsIndex] [1] ended, state=SUCCEEDED
2021-05-21 18:51:18.665 UTC INFO [admin1] Plan 10 [SYS$Create system table SYS$TableStatsIndex] ended, state=SUCCEEDED
2021-05-21 18:51:18.673 UTC INFO [admin1] Plan 11 [SYS$Create system table SYS$StreamResponse] task [AddTable SYS$StreamResponse] [1] ended, state=SUCCEEDED
2021-05-21 18:51:18.678 UTC INFO [admin1] Plan 11 [SYS$Create system table SYS$StreamResponse] ended, state=SUCCEEDED
2021-05-21 18:51:18.903 UTC INFO [admin1] Monitor collector: adding sn1 to monitoring
2021-05-21 18:51:18.914 UTC INFO [admin1] Plan 5 [Deploy Storage Node] task [DeploySN sn1(DESKTOP-P7OHHRP:5000)] [1] ended, state=SUCCEEDED
2021-05-21 18:51:18.920 UTC INFO [admin1] Plan 5 [Deploy Storage Node] ended, state=SUCCEEDED
2021-05-21 18:51:18.931 UTC INFO [admin1] [sn1] Service status: RUNNING 2021-05-21 18:51:18 UTC
2021-05-21 18:51:18.980 UTC INFO [admin1] Plan 12 [Deploy Admin Service] approved
2021-05-21 18:51:18.988 UTC INFO [admin1] Plan 12 [Deploy Admin Service] started, 3 tasks
2021-05-21 18:51:19.000 UTC INFO [admin1] Plan 12 [Deploy Admin Service] task [DeployAdmin admin1 on sn1] [1] started
2021-05-21 18:51:19.222 UTC INFO [admin1] SoftwareVersionUpdater: resetting interval to: 3600000 milliseconds (1 agents)
2021-05-21 18:51:19.255 UTC INFO [admin1] newParameters called for Monitor
2021-05-21 18:51:19.261 UTC INFO [admin1] newGlobalParameters are identical to old global parameters
2021-05-21 18:51:19.272 UTC INFO [admin1] Plan 12 [Deploy Admin Service] task [DeployAdmin admin1 on sn1] [1] ended, state=SUCCEEDED
2021-05-21 18:51:19.272 UTC INFO [admin1] Plan 12 [Deploy Admin Service] task [WaitForAdminState admin1 to reach RUNNING] [2] started
2021-05-21 18:51:19.282 UTC INFO [admin1] Plan 12 [Deploy Admin Service] task [WaitForAdminState admin1 to reach RUNNING] [2] ended, state=SUCCEEDED
2021-05-21 18:51:19.283 UTC INFO [admin1] Plan 12 [Deploy Admin Service] task [UpdateAdminHelperHost null] [3] started
2021-05-21 18:51:19.292 UTC INFO [admin1] oracle.kv.impl.admin.param.Parameters@4905333a changed helperHost to DESKTOP-P7OHHRP:5002
2021-05-21 18:51:19.522 UTC INFO [admin1] Plan 12 [Deploy Admin Service] task [UpdateAdminHelperHost null] [3] ended, state=SUCCEEDED
2021-05-21 18:51:19.524 UTC INFO [admin1] Plan 12 [Deploy Admin Service] ended, state=SUCCEEDED
2021-05-21 18:51:19.530 UTC INFO [admin1] Created Storage Node Pool: KVLitePool
2021-05-21 18:51:19.534 UTC INFO [admin1] Added Storage Node sn1 to pool: KVLitePool
2021-05-21 18:51:19.562 UTC INFO [admin1] KVLite has nothing to rebalance
2021-05-21 18:51:19.633 UTC INFO [admin1] Plan 13 [Deploy KVStore] approved
2021-05-21 18:51:19.640 UTC INFO [admin1] Plan 13 [Deploy KVStore] deploying topology candidate KVLite.
2021-05-21 18:51:19.645 UTC INFO [admin1] Current topology: store=kvstore  numPartitions=0 sequence=2
  zn: id=zn1 name=KVLite repFactor=1 type=PRIMARY allowArbiters=false masterAffinity=false

  sn=[sn1] zn:[id=zn1 name=KVLite] DESKTOP-P7OHHRP:5000

  numShards=0

2021-05-21 18:51:19.647 UTC INFO [admin1] Preview of changes to be executed by Plan 13 [Deploy KVStore]:
Topology transformation from current deployed topology to KVLite:
Create 1 shard 
Create 1 RN 
Create 10 partitions 

shard rg1
  1 new RN : rg1-rn1 
  10 new partitions 

2021-05-21 18:51:19.650 UTC INFO [admin1] Target topology candidate: KVLite
store=kvstore  numPartitions=10 sequence=14
  zn: id=zn1 name=KVLite repFactor=1 type=PRIMARY allowArbiters=false masterAffinity=false

  sn=[sn1] zn:[id=zn1 name=KVLite] DESKTOP-P7OHHRP:5000
    [rg1-rn1]

  numShards=1
  shard=[rg1] num partitions=10
    [rg1-rn1] sn=sn1

2021-05-21 18:51:19.651 UTC INFO [admin1] Plan 13 [Deploy KVStore] started, 9 tasks
2021-05-21 18:51:19.654 UTC INFO [admin1] Plan 13 [Deploy KVStore] task [UpdateDatacenterV2 zone=zn1] [1] started
2021-05-21 18:51:19.664 UTC INFO [admin1] Plan 13 [Deploy KVStore] task [UpdateDatacenterV2 zone=zn1] [1] ended, state=SUCCEEDED
2021-05-21 18:51:19.664 UTC INFO [admin1] Plan 13 [Deploy KVStore] task [DeployShard on [sn1] zn:[id=zn1 name=KVLite] DESKTOP-P7OHHRP:5000 ] [2] started
2021-05-21 18:51:19.689 UTC INFO [admin1] Plan 13 [Deploy KVStore] task [DeployShard rg1 on [sn1] zn:[id=zn1 name=KVLite] DESKTOP-P7OHHRP:5000 ] [2] ended, state=SUCCEEDED
2021-05-21 18:51:19.690 UTC INFO [admin1] Plan 13 [Deploy KVStore] task [DeployNewRN on sn1(DESKTOP-P7OHHRP:5000)] [3] started
2021-05-21 18:51:19.696 UTC INFO [admin1] Plan 13 [Deploy KVStore] task [DeployNewRN rg1-rn1 on sn1(DESKTOP-P7OHHRP:5000)] creating rg1-rn1 on sn1 haPort=DESKTOP-P7OHHRP:5 003 helpers=DESKTOP-P7OHHRP:5003 storage directory path=C:\kv-ce-20.3.18\kv-20.3.18\.\kvroot\kvstore\sn1 directory size=1 073 741 824 log directory path =null log directory size = 0 heapMB=unspecified cachePercent=70 cacheSize=unspecified -XX:ParallelGCThreads=70
2021-05-21 18:51:21.208 UTC INFO [admin1] Monitor collector: adding rg1-rn1 to monitoring
2021-05-21 18:51:21.240 UTC INFO [admin1] [rg1-rn1] Service status: RUNNING 2021-05-21 18:51:20 UTC
2021-05-21 18:51:21.324 UTC INFO [admin1] Plan 13 [Deploy KVStore] task [DeployNewRN rg1-rn1 on sn1(DESKTOP-P7OHHRP:5000)] [3] ended, state=SUCCEEDED
2021-05-21 18:51:21.330 UTC INFO [admin1] Plan 13 [Deploy KVStore] task [UpdateNthRNHelperHost] [4] started
2021-05-21 18:51:21.336 UTC INFO [admin1] Changing helperHost for rg1-rn1 in metadata database  to DESKTOP-P7OHHRP:5003
2021-05-21 18:51:21.569 UTC INFO [admin1] Changed helperHost for rg1-rn1 on sn1 to DESKTOP-P7OHHRP:5003
2021-05-21 18:51:21.580 UTC INFO [admin1] Plan 13 [Deploy KVStore] task [UpdateNthRNHelperHost] [4] ended, state=SUCCEEDED
2021-05-21 18:51:21.581 UTC INFO [admin1] Plan 13 [Deploy KVStore] task [NewNthRNParameters] [5] started
2021-05-21 18:51:21.598 UTC INFO [admin1] Plan 13 [Deploy KVStore] task [NewNthRNParameters] [5] ended, state=SUCCEEDED
2021-05-21 18:51:21.599 UTC INFO [admin1] Plan 13 [Deploy KVStore] task [BroadcastTopo] [6] started
2021-05-21 18:51:21.600 UTC INFO [admin1] Broadcasting topology seq# 4, changes for plan 13
2021-05-21 18:51:21.608 UTC INFO [admin1] Plan 13 [Deploy KVStore] task [BroadcastTopo] [6] ended, state=SUCCEEDED
2021-05-21 18:51:21.609 UTC INFO [admin1] Plan 13 [Deploy KVStore] task [BroadcastMetadata] [7] started
2021-05-21 18:51:21.614 UTC INFO [admin1] Plan 13 [Deploy KVStore] task [BroadcastMetadata] [7] ended, state=SUCCEEDED
2021-05-21 18:51:21.616 UTC INFO [admin1] Plan 13 [Deploy KVStore] task [AddPartitions totalPartitions=10] [8] started
2021-05-21 18:51:21.625 UTC INFO [admin1] Broadcasting topology seq# 14, changes for Initializing new partitions
2021-05-21 18:51:21.661 UTC INFO [admin1] Plan 13 [Deploy KVStore] task [AddPartitions totalPartitions=10] [8] ended, state=SUCCEEDED
2021-05-21 18:51:21.662 UTC INFO [admin1] Plan 13 [Deploy KVStore] task [BroadcastTopo] [9] started
2021-05-21 18:51:21.663 UTC INFO [admin1] Broadcasting topology seq# 14, changes for plan 13
2021-05-21 18:51:21.672 UTC INFO [admin1] Plan 13 [Deploy KVStore] task [BroadcastTopo] [9] ended, state=SUCCEEDED
2021-05-21 18:51:21.678 UTC INFO [admin1] Plan 13 [Deploy KVStore] ended, state=SUCCEEDED
2021-05-21 18:51:28.635 UTC INFO [admin1] Checking status of system tables
2021-05-21 18:51:28.682 UTC INFO [admin1] Exit Thread[System table monitor,5,RMI Runtime]
2021-05-21 19:02:10.324 UTC INFO [admin1] Starting AdminService
2021-05-21 19:02:10.450 UTC INFO [admin1] Initializing PRIMARY Admin for store: kvstore
2021-05-21 19:02:10.455 UTC INFO [admin1] JVM Runtime maxMemory (bytes): 257425408
2021-05-21 19:02:10.456 UTC INFO [admin1] Non-default JE properties for environment: {je.env.runVerifier=false, je.log.faultReadSize=4096, je.env.runEvictor=true, je.cleaner.minUtilization=40, je.maxDisk=3221225472, je.lock.nLockTables=97, je.cleaner.threads=2, je.log.writeQueueSize=2097152, je.evictor.criticalPercentage=20, je.log.iteratorReadSize=1048576, je.log.numBuffers=16, je.nodeMaxEntries=128, je.lock.timeout=10 s, je.cleaner.minFileUtilization=5, je.txn.durability=write_no_sync,write_no_sync,simple_majority, je.cleaner.readSize=1048576, je.log.fileCacheSize=2000, je.log.fileMax=52428800}
2021-05-21 19:02:10.473 UTC INFO [admin1] DataChannelFactory: basic
2021-05-21 19:02:10.478 UTC INFO [admin1] AdminStateTracker-serviceId-admin1 thread start: admin1
2021-05-21 19:02:10.530 UTC INFO [admin1] JE: Coordinating tasks:JEBackupManagerCopyLogFileMax real permits:1
2021-05-21 19:02:10.754 UTC INFO [admin1] JE recovery: FIND_END_OF_LOG
2021-05-21 19:02:10.788 UTC INFO [admin1] JE recovery: FIND_LAST_CKPT
2021-05-21 19:02:10.791 UTC INFO [admin1] JE recovery: READ_DBMAP_INFO
2021-05-21 19:02:10.817 UTC INFO [admin1] JE recovery: REDO_DBMAP_INFO
2021-05-21 19:02:10.820 UTC INFO [admin1] JE recovery: BUILD_TXN_STATUS_INFO
2021-05-21 19:02:10.825 UTC INFO [admin1] JE recovery: REDO_DBMAP_RECORDS
2021-05-21 19:02:10.833 UTC INFO [admin1] JE recovery: READ_DATA_INFO
2021-05-21 19:02:10.846 UTC INFO [admin1] JE recovery: REDO_DATA_INFO
2021-05-21 19:02:10.850 UTC INFO [admin1] JE recovery: UNDO_DATA_RECORDS
2021-05-21 19:02:10.855 UTC INFO [admin1] JE recovery: REDO_DATA_RECORDS
2021-05-21 19:02:10.883 UTC INFO [admin1] JE recovery: FINISH_VERIFICATION
2021-05-21 19:02:10.883 UTC INFO [admin1] JE recovery: POPULATE_UTILIZATION_PROFILE
2021-05-21 19:02:10.908 UTC INFO [admin1] JE recovery: POPULATE_EXPIRATION_PROFILE
2021-05-21 19:02:10.929 UTC INFO [admin1] JE recovery: REMOVE_TEMP_DBS
2021-05-21 19:02:10.957 UTC INFO [admin1] JE recovery: CKPT
2021-05-21 19:02:10.959 UTC INFO [admin1] JE: Checkpoint Start.Checkpoint Id=2
2021-05-21 19:02:10.977 UTC INFO [admin1] JE: Checkpoint End. Checkpoint Id=2 success=true
2021-05-21 19:02:10.995 UTC INFO [admin1] JE recovery: RECOVERY_FINISHED
2021-05-21 19:02:11.017 UTC INFO [admin1] JE: No server auth method
2021-05-21 19:02:11.018 UTC INFO [admin1] JE: Started ServiceDispatcher. HostPort=DESKTOP-P7OHHRP:5002
2021-05-21 19:02:11.019 UTC INFO [admin1] JE: DataChannel factory: com.sleepycat.je.rep.utilint.net.SimpleChannelFactory
2021-05-21 19:02:11.079 UTC INFO [admin1] JE: DTVLSN at start:318
2021-05-21 19:02:11.080 UTC INFO [admin1] JE: node:NullNode(-1) state change from DETACHED to UNKNOWN
2021-05-21 19:02:11.103 UTC INFO [admin1] JE: Learner started
2021-05-21 19:02:11.109 UTC INFO [admin1] JE: Acceptor started
2021-05-21 19:02:11.112 UTC INFO [admin1] JE: Current group size: 1
2021-05-21 19:02:11.112 UTC INFO [admin1] JE: Existing node 1 querying for a current master.
2021-05-21 19:02:11.123 UTC INFO [admin1] JE: learner request: MQ sender: -2147483648
2021-05-21 19:02:11.125 UTC INFO [admin1] JE recovery: BECOME_CONSISTENT
2021-05-21 19:02:11.126 UTC INFO [admin1] JE: Node 1 started
2021-05-21 19:02:11.126 UTC INFO [admin1] JE: Election initiated; election #1
2021-05-21 19:02:11.129 UTC INFO [admin1] JE: Started election thread Fri May 21 21:02:11 CEST 2021
2021-05-21 19:02:11.129 UTC INFO [admin1] JE: Phase 1 proposal: Proposal(00000179904e73b9:d5b35ec7e47bf3fbe91325b251dfe192:00000001)
2021-05-21 19:02:11.135 UTC INFO [admin1] JE: Promised: Proposal(00000179904e73b9:d5b35ec7e47bf3fbe91325b251dfe192:00000001) Suggested Value: Value:DESKTOP-P7OHHRP$$$5002$$$1$$$1 Suggestion Ranking: Ranking major:318 minor:318id:1
2021-05-21 19:02:11.138 UTC INFO [admin1] JE: Phase 2 proposal: Proposal(00000179904e73b9:d5b35ec7e47bf3fbe91325b251dfe192:00000001) Value: Value:DESKTOP-P7OHHRP$$$5002$$$1$$$1
2021-05-21 19:02:11.141 UTC INFO [admin1] JE: Promised: Proposal(00000179904e73b9:d5b35ec7e47bf3fbe91325b251dfe192:00000001) Accepted: Proposal(00000179904e73b9:d5b35ec7e47bf3fbe91325b251dfe192:00000001) Value: Value:DESKTOP-P7OHHRP$$$5002$$$1$$$1
2021-05-21 19:02:11.142 UTC INFO [admin1] JE: Winning proposal: Proposal(00000179904e73b9:d5b35ec7e47bf3fbe91325b251dfe192:00000001) Value: Value:DESKTOP-P7OHHRP$$$5002$$$1$$$1
2021-05-21 19:02:11.143 UTC INFO [admin1] JE: Informing 1 learners.
2021-05-21 19:02:11.146 UTC INFO [admin1] JE: learner request: RE sender: 1
2021-05-21 19:02:11.147 UTC INFO [admin1] JE: Learner notified. Proposal:Proposal(00000179904e73b9:d5b35ec7e47bf3fbe91325b251dfe192:00000001) Value: Value:DESKTOP-P7OHHRP$$$5002$$$1$$$1
2021-05-21 19:02:11.147 UTC INFO [admin1] JE: Master changed to 1
2021-05-21 19:02:11.147 UTC INFO [admin1] JE: Election finished. Elapsed time: 21ms
2021-05-21 19:02:11.148 UTC INFO [admin1] JE: Informed learners: 1
2021-05-21 19:02:11.148 UTC INFO [admin1] JE: Election thread exited. Group master: 1(1)
2021-05-21 19:02:11.167 UTC INFO [admin1] JE: node:1(1) state change from UNKNOWN to MASTER
2021-05-21 19:02:11.168 UTC INFO [admin1] JE: Election took less than 1000, waiting 978 milliseconds to pad election time.
2021-05-21 19:02:12.147 UTC INFO [admin1] JE: Feeder manager accepting requests.
2021-05-21 19:02:12.147 UTC INFO [admin1] JE: Joining group as master
2021-05-21 19:02:12.149 UTC INFO [admin1] State change event: Fri May 21 21:02:11 CEST 2021, State: MASTER, Type: PRIMARY, Master: 1
2021-05-21 19:02:12.149 UTC INFO [admin1] AdminStateTracker-serviceId-admin1 queue added:MASTER
2021-05-21 19:02:12.150 UTC INFO [admin1] Shutting down monitor collector
2021-05-21 19:02:12.166 UTC INFO [admin1] Initialize stores at schema version 5, readOnly=false
2021-05-21 19:02:12.170 UTC INFO [admin1] Open: AdminCriticalEventsDatabase
2021-05-21 19:02:12.172 UTC INFO [admin1] Open: AdminParametersDatabase
2021-05-21 19:02:12.173 UTC INFO [admin1] Open: AdminMemoDatabase
2021-05-21 19:02:12.175 UTC INFO [admin1] Open: AdminPlanDatabase
2021-05-21 19:02:12.178 UTC INFO [admin1] Open: AdminSecurityDatabase
2021-05-21 19:02:12.179 UTC INFO [admin1] Open: AdminTableDatabase
2021-05-21 19:02:12.181 UTC INFO [admin1] Open: AdminTopologyHistoryDatabase
2021-05-21 19:02:12.182 UTC INFO [admin1] Open: AdminTopologyCandidateDatabase
2021-05-21 19:02:12.255 UTC INFO [admin1] Using existing Admin database
2021-05-21 19:02:12.256 UTC INFO [admin1] statusListener service port: 54525
2021-05-21 19:02:12.257 UTC INFO [admin1] perfListener service port: 54525
2021-05-21 19:02:12.257 UTC INFO [admin1] logListener service port: 54525
2021-05-21 19:02:12.265 UTC INFO [admin1] Monitor collector: adding sn1 to monitoring
2021-05-21 19:02:12.266 UTC INFO [admin1] Monitor collector: adding rg1-rn1 to monitoring
2021-05-21 19:02:12.342 UTC INFO [admin1] [sn1] Service status: RUNNING 2021-05-21 19:02:10 UTC
2021-05-21 19:02:12.489 UTC INFO [admin1] Starting Thread[System table monitor,5,main]
2021-05-21 19:02:12.490 UTC INFO [admin1] Checking status of system tables
2021-05-21 19:02:12.493 UTC INFO [admin1] Replicated environment handle established. Cache size: 154455244, State: MASTER
2021-05-21 19:02:12.506 UTC INFO [admin1] Starting task: interval is 20 SECONDS, delay is 7494(ms)
2021-05-21 19:02:12.507 UTC INFO [admin1] Starting commandService on rmi://DESKTOP-P7OHHRP:5000/commandService
2021-05-21 19:02:12.535 UTC INFO [admin1] Exit Thread[System table monitor,5,main]
2021-05-21 19:02:12.568 UTC INFO [admin1] Successfully created a secure proxy for commandService
2021-05-21 19:02:12.583 UTC INFO [admin1] commandService service port: 54525
2021-05-21 19:02:12.584 UTC INFO [admin1] Starting admin:CLIENT_ADMIN on rmi://DESKTOP-P7OHHRP:5000/admin:CLIENT_ADMIN
2021-05-21 19:02:12.725 UTC INFO [admin1] Successfully created a secure proxy for admin:CLIENT_ADMIN
2021-05-21 19:02:12.735 UTC INFO [admin1] admin:CLIENT_ADMIN service port: 54525
2021-05-21 19:02:12.735 UTC INFO [admin1] Admin web service is not starting up, web port: -1
2021-05-21 19:02:12.735 UTC INFO [admin1] Started AdminService
2021-05-21 19:02:13.573 UTC INFO [admin1] SoftwareVersionUpdater: resetting interval to: 3600000 milliseconds (1 agents)
2021-05-21 19:02:32.272 UTC INFO [admin1] [admin1] rg1-rn1: Service status: UNREACHABLE 2021-05-21 19:02:32 UTC
2021-05-21 19:16:26.668 UTC INFO [admin1] Starting AdminService
2021-05-21 19:16:26.804 UTC INFO [admin1] Initializing PRIMARY Admin for store: kvstore
2021-05-21 19:16:26.811 UTC INFO [admin1] JVM Runtime maxMemory (bytes): 257425408
2021-05-21 19:16:26.811 UTC INFO [admin1] Non-default JE properties for environment: {je.env.runVerifier=false, je.log.faultReadSize=4096, je.env.runEvictor=true, je.cleaner.minUtilization=40, je.maxDisk=3221225472, je.lock.nLockTables=97, je.cleaner.threads=2, je.log.writeQueueSize=2097152, je.evictor.criticalPercentage=20, je.log.iteratorReadSize=1048576, je.log.numBuffers=16, je.nodeMaxEntries=128, je.lock.timeout=10 s, je.cleaner.minFileUtilization=5, je.txn.durability=write_no_sync,write_no_sync,simple_majority, je.cleaner.readSize=1048576, je.log.fileCacheSize=2000, je.log.fileMax=52428800}
2021-05-21 19:16:26.824 UTC INFO [admin1] DataChannelFactory: basic
2021-05-21 19:16:26.826 UTC INFO [admin1] AdminStateTracker-serviceId-admin1 thread start: admin1
2021-05-21 19:16:26.890 UTC INFO [admin1] JE: Coordinating tasks:JEBackupManagerCopyLogFileMax real permits:1
2021-05-21 19:16:27.165 UTC INFO [admin1] JE recovery: FIND_END_OF_LOG
2021-05-21 19:16:27.215 UTC INFO [admin1] JE recovery: FIND_LAST_CKPT
2021-05-21 19:16:27.221 UTC INFO [admin1] JE recovery: READ_DBMAP_INFO
2021-05-21 19:16:27.241 UTC INFO [admin1] JE recovery: REDO_DBMAP_INFO
2021-05-21 19:16:27.244 UTC INFO [admin1] JE recovery: BUILD_TXN_STATUS_INFO
2021-05-21 19:16:27.248 UTC INFO [admin1] JE recovery: REDO_DBMAP_RECORDS
2021-05-21 19:16:27.256 UTC INFO [admin1] JE recovery: READ_DATA_INFO
2021-05-21 19:16:27.270 UTC INFO [admin1] JE recovery: REDO_DATA_INFO
2021-05-21 19:16:27.273 UTC INFO [admin1] JE recovery: UNDO_DATA_RECORDS
2021-05-21 19:16:27.275 UTC INFO [admin1] JE recovery: REDO_DATA_RECORDS
2021-05-21 19:16:27.282 UTC INFO [admin1] JE recovery: FINISH_VERIFICATION
2021-05-21 19:16:27.283 UTC INFO [admin1] JE recovery: POPULATE_UTILIZATION_PROFILE
2021-05-21 19:16:27.300 UTC INFO [admin1] JE recovery: POPULATE_EXPIRATION_PROFILE
2021-05-21 19:16:27.315 UTC INFO [admin1] JE recovery: REMOVE_TEMP_DBS
2021-05-21 19:16:27.339 UTC INFO [admin1] JE recovery: CKPT
2021-05-21 19:16:27.340 UTC INFO [admin1] JE: Checkpoint Start.Checkpoint Id=3
2021-05-21 19:16:27.350 UTC INFO [admin1] JE: Checkpoint End. Checkpoint Id=3 success=true
2021-05-21 19:16:27.355 UTC INFO [admin1] JE recovery: RECOVERY_FINISHED
2021-05-21 19:16:27.383 UTC INFO [admin1] JE: No server auth method
2021-05-21 19:16:27.384 UTC INFO [admin1] JE: Started ServiceDispatcher. HostPort=DESKTOP-P7OHHRP:5002
2021-05-21 19:16:27.384 UTC INFO [admin1] JE: DataChannel factory: com.sleepycat.je.rep.utilint.net.SimpleChannelFactory
2021-05-21 19:16:27.441 UTC INFO [admin1] JE: DTVLSN at start:330
2021-05-21 19:16:27.442 UTC INFO [admin1] JE: node:NullNode(-1) state change from DETACHED to UNKNOWN
2021-05-21 19:16:27.476 UTC INFO [admin1] JE: Learner started
2021-05-21 19:16:27.483 UTC INFO [admin1] JE: Acceptor started
2021-05-21 19:16:27.487 UTC INFO [admin1] JE: Current group size: 1
2021-05-21 19:16:27.487 UTC INFO [admin1] JE: Existing node 1 querying for a current master.
2021-05-21 19:16:27.499 UTC INFO [admin1] JE: learner request: MQ sender: -2147483648
2021-05-21 19:16:27.500 UTC INFO [admin1] JE recovery: BECOME_CONSISTENT
2021-05-21 19:16:27.501 UTC INFO [admin1] JE: Node 1 started
2021-05-21 19:16:27.501 UTC INFO [admin1] JE: Election initiated; election #1
2021-05-21 19:16:27.503 UTC INFO [admin1] JE: Started election thread Fri May 21 21:16:27 CEST 2021
2021-05-21 19:16:27.504 UTC INFO [admin1] JE: Phase 1 proposal: Proposal(00000179905b84ef:a75a8794db7eacc456eae48b318c18da:00000001)
2021-05-21 19:16:27.506 UTC INFO [admin1] JE: Promised: Proposal(00000179905b84ef:a75a8794db7eacc456eae48b318c18da:00000001) Suggested Value: Value:DESKTOP-P7OHHRP$$$5002$$$1$$$1 Suggestion Ranking: Ranking major:330 minor:330id:1
2021-05-21 19:16:27.509 UTC INFO [admin1] JE: Phase 2 proposal: Proposal(00000179905b84ef:a75a8794db7eacc456eae48b318c18da:00000001) Value: Value:DESKTOP-P7OHHRP$$$5002$$$1$$$1
2021-05-21 19:16:27.512 UTC INFO [admin1] JE: Promised: Proposal(00000179905b84ef:a75a8794db7eacc456eae48b318c18da:00000001) Accepted: Proposal(00000179905b84ef:a75a8794db7eacc456eae48b318c18da:00000001) Value: Value:DESKTOP-P7OHHRP$$$5002$$$1$$$1
2021-05-21 19:16:27.513 UTC INFO [admin1] JE: Winning proposal: Proposal(00000179905b84ef:a75a8794db7eacc456eae48b318c18da:00000001) Value: Value:DESKTOP-P7OHHRP$$$5002$$$1$$$1
2021-05-21 19:16:27.514 UTC INFO [admin1] JE: Informing 1 learners.
2021-05-21 19:16:27.516 UTC INFO [admin1] JE: learner request: RE sender: 1
2021-05-21 19:16:27.516 UTC INFO [admin1] JE: Learner notified. Proposal:Proposal(00000179905b84ef:a75a8794db7eacc456eae48b318c18da:00000001) Value: Value:DESKTOP-P7OHHRP$$$5002$$$1$$$1
2021-05-21 19:16:27.516 UTC INFO [admin1] JE: Master changed to 1
2021-05-21 19:16:27.517 UTC INFO [admin1] JE: Election finished. Elapsed time: 16ms
2021-05-21 19:16:27.517 UTC INFO [admin1] JE: Informed learners: 1
2021-05-21 19:16:27.517 UTC INFO [admin1] JE: Election thread exited. Group master: 1(1)
2021-05-21 19:16:27.547 UTC INFO [admin1] JE: node:1(1) state change from UNKNOWN to MASTER
2021-05-21 19:16:27.548 UTC INFO [admin1] JE: Election took less than 1000, waiting 984 milliseconds to pad election time.
2021-05-21 19:16:28.532 UTC INFO [admin1] JE: Feeder manager accepting requests.
2021-05-21 19:16:28.532 UTC INFO [admin1] JE: Joining group as master
2021-05-21 19:16:28.535 UTC INFO [admin1] State change event: Fri May 21 21:16:27 CEST 2021, State: MASTER, Type: PRIMARY, Master: 1
2021-05-21 19:16:28.535 UTC INFO [admin1] AdminStateTracker-serviceId-admin1 queue added:MASTER
2021-05-21 19:16:28.535 UTC INFO [admin1] Shutting down monitor collector
2021-05-21 19:16:28.554 UTC INFO [admin1] Initialize stores at schema version 5, readOnly=false
2021-05-21 19:16:28.560 UTC INFO [admin1] Open: AdminCriticalEventsDatabase
2021-05-21 19:16:28.563 UTC INFO [admin1] Open: AdminParametersDatabase
2021-05-21 19:16:28.563 UTC INFO [admin1] Open: AdminMemoDatabase
2021-05-21 19:16:28.566 UTC INFO [admin1] Open: AdminPlanDatabase
2021-05-21 19:16:28.569 UTC INFO [admin1] Open: AdminSecurityDatabase
2021-05-21 19:16:28.570 UTC INFO [admin1] Open: AdminTableDatabase
2021-05-21 19:16:28.572 UTC INFO [admin1] Open: AdminTopologyHistoryDatabase
2021-05-21 19:16:28.572 UTC INFO [admin1] Open: AdminTopologyCandidateDatabase
2021-05-21 19:16:28.643 UTC INFO [admin1] Using existing Admin database
2021-05-21 19:16:28.643 UTC INFO [admin1] statusListener service port: 55050
2021-05-21 19:16:28.644 UTC INFO [admin1] perfListener service port: 55050
2021-05-21 19:16:28.644 UTC INFO [admin1] logListener service port: 55050
2021-05-21 19:16:28.654 UTC INFO [admin1] Monitor collector: adding sn1 to monitoring
2021-05-21 19:16:28.656 UTC INFO [admin1] Monitor collector: adding rg1-rn1 to monitoring
2021-05-21 19:16:28.730 UTC INFO [admin1] [sn1] Service status: RUNNING 2021-05-21 19:16:26 UTC
2021-05-21 19:16:28.889 UTC INFO [admin1] Starting Thread[System table monitor,5,main]
2021-05-21 19:16:28.889 UTC INFO [admin1] Checking status of system tables
2021-05-21 19:16:28.895 UTC INFO [admin1] Replicated environment handle established. Cache size: 154455244, State: MASTER
2021-05-21 19:16:28.911 UTC INFO [admin1] Starting task: interval is 20 SECONDS, delay is 11090(ms)
2021-05-21 19:16:28.912 UTC INFO [admin1] Starting commandService on rmi://DESKTOP-P7OHHRP:5000/commandService
2021-05-21 19:16:28.948 UTC INFO [admin1] Exit Thread[System table monitor,5,main]
2021-05-21 19:16:28.977 UTC INFO [admin1] Successfully created a secure proxy for commandService
2021-05-21 19:16:29.000 UTC INFO [admin1] commandService service port: 55050
2021-05-21 19:16:29.000 UTC INFO [admin1] Starting admin:CLIENT_ADMIN on rmi://DESKTOP-P7OHHRP:5000/admin:CLIENT_ADMIN
2021-05-21 19:16:29.156 UTC INFO [admin1] Successfully created a secure proxy for admin:CLIENT_ADMIN
2021-05-21 19:16:29.165 UTC INFO [admin1] admin:CLIENT_ADMIN service port: 55050
2021-05-21 19:16:29.165 UTC INFO [admin1] Admin web service is not starting up, web port: -1
2021-05-21 19:16:29.165 UTC INFO [admin1] Started AdminService
2021-05-21 19:16:29.918 UTC INFO [admin1] SoftwareVersionUpdater: resetting interval to: 3600000 milliseconds (1 agents)
2021-05-21 19:16:48.674 UTC INFO [admin1] [admin1] rg1-rn1: Service status: UNREACHABLE 2021-05-21 19:16:48 UTC
